-------------------------------------------------------------------------------
Test set: com.example.acceptancetests.AcceptanceTestSuite
-------------------------------------------------------------------------------
Tests run: 6, Failures: 0, Errors: 6, Skipped: 0, Time elapsed: 263.445 s <<< FAILURE! - in com.example.acceptancetests.AcceptanceTestSuite
Authentication.Authentication Register #1  Time elapsed: 60.501 s  <<< ERROR!
org.openqa.selenium.TimeoutException: Expected condition failed: waiting for visibility of element located by By.AccessibilityId: Manajemen Tagihan mu Dengan Ginap Lorem ipsum dolor sit amet, consectetur adipiscing elit. Viverra condimentum eget purus in. Consectetur eget id morbi amet amet, in. Ipsum viverra pretium tellus neque. Ullamcorper suspendisse aenean leo pharetra in sit semper et. Amet quam placerat sem. (tried for 30 second(s) with 1000 milliseconds interval)
Caused by: org.openqa.selenium.NoSuchElementException: 
An element could not be located on the page using the given search parameters.
For documentation on this error, please visit: https://www.seleniumhq.org/exceptions/no_such_element.html
Build info: version: '3.141.59', revision: 'e82be7d358', time: '2018-11-14T08:17:03'
System info: host: 'MYLNAP', ip: '192.168.224.45', os.name: 'Windows 11', os.arch: 'amd64', os.version: '10.0', java.version: '11.0.16'
Driver info: io.appium.java_client.android.AndroidDriver
Capabilities {apps: D:\TIC\Kampus Merdeka\MSIB\..., automationName: UIAutomator2, databaseEnabled: false, desired: {apps: D:\TIC\Kampus Merdeka\MSIB\..., automationName: UIAutomator2, platformName: android, platformVersion: 12}, deviceApiLevel: 31, deviceManufacturer: vivo, deviceModel: V2027, deviceName: 5c4a3aa1, deviceScreenDensity: 320, deviceScreenSize: 720x1600, deviceUDID: 5c4a3aa1, javascriptEnabled: true, locationContextEnabled: false, networkConnectionEnabled: true, pixelRatio: 2, platform: LINUX, platformName: Android, platformVersion: 12, statBarHeight: 56, takesScreenshot: true, viewportRect: {height: 1414, left: 0, top: 56, width: 720}, warnings: {}, webStorageEnabled: false}
Session ID: 644950f7-9472-4dae-af56-a24d77c550a6
*** Element info: {Using=accessibility id, value=Manajemen Tagihan mu Dengan Ginap Lorem ipsum dolor sit amet, consectetur adipiscing elit. Viverra condimentum eget purus in. Consectetur eget id morbi amet amet, in. Ipsum viverra pretium tellus neque. Ullamcorper suspendisse aenean leo pharetra in sit semper et. Amet quam placerat sem.}

Authentication.Authentication Register #2  Time elapsed: 71.43 s  <<< ERROR!
org.openqa.selenium.TimeoutException: Expected condition failed: waiting for visibility of element located by By.AccessibilityId: Manajemen Tagihan mu Dengan Ginap Lorem ipsum dolor sit amet, consectetur adipiscing elit. Viverra condimentum eget purus in. Consectetur eget id morbi amet amet, in. Ipsum viverra pretium tellus neque. Ullamcorper suspendisse aenean leo pharetra in sit semper et. Amet quam placerat sem. (tried for 30 second(s) with 1000 milliseconds interval)
Caused by: org.openqa.selenium.NoSuchElementException: 
An element could not be located on the page using the given search parameters.
For documentation on this error, please visit: https://www.seleniumhq.org/exceptions/no_such_element.html
Build info: version: '3.141.59', revision: 'e82be7d358', time: '2018-11-14T08:17:03'
System info: host: 'MYLNAP', ip: '192.168.224.45', os.name: 'Windows 11', os.arch: 'amd64', os.version: '10.0', java.version: '11.0.16'
Driver info: io.appium.java_client.android.AndroidDriver
Capabilities {apps: D:\TIC\Kampus Merdeka\MSIB\..., automationName: UIAutomator2, databaseEnabled: false, desired: {apps: D:\TIC\Kampus Merdeka\MSIB\..., automationName: UIAutomator2, platformName: android, platformVersion: 12}, deviceApiLevel: 31, deviceManufacturer: vivo, deviceModel: V2027, deviceName: 5c4a3aa1, deviceScreenDensity: 320, deviceScreenSize: 720x1600, deviceUDID: 5c4a3aa1, javascriptEnabled: true, locationContextEnabled: false, networkConnectionEnabled: true, pixelRatio: 2, platform: LINUX, platformName: Android, platformVersion: 12, statBarHeight: 56, takesScreenshot: true, viewportRect: {height: 1414, left: 0, top: 56, width: 720}, warnings: {}, webStorageEnabled: false}
Session ID: 4bdafd6e-9992-4103-b150-7e0d85bcd685
*** Element info: {Using=accessibility id, value=Manajemen Tagihan mu Dengan Ginap Lorem ipsum dolor sit amet, consectetur adipiscing elit. Viverra condimentum eget purus in. Consectetur eget id morbi amet amet, in. Ipsum viverra pretium tellus neque. Ullamcorper suspendisse aenean leo pharetra in sit semper et. Amet quam placerat sem.}

Authentication.Authentication Register #3  Time elapsed: 47.648 s  <<< ERROR!
org.openqa.selenium.TimeoutException: Expected condition failed: waiting for visibility of element located by By.AccessibilityId: Manajemen Tagihan mu Dengan Ginap Lorem ipsum dolor sit amet, consectetur adipiscing elit. Viverra condimentum eget purus in. Consectetur eget id morbi amet amet, in. Ipsum viverra pretium tellus neque. Ullamcorper suspendisse aenean leo pharetra in sit semper et. Amet quam placerat sem. (tried for 30 second(s) with 1000 milliseconds interval)
Caused by: org.openqa.selenium.NoSuchElementException: 
An element could not be located on the page using the given search parameters.
For documentation on this error, please visit: https://www.seleniumhq.org/exceptions/no_such_element.html
Build info: version: '3.141.59', revision: 'e82be7d358', time: '2018-11-14T08:17:03'
System info: host: 'MYLNAP', ip: '192.168.224.45', os.name: 'Windows 11', os.arch: 'amd64', os.version: '10.0', java.version: '11.0.16'
Driver info: io.appium.java_client.android.AndroidDriver
Capabilities {apps: D:\TIC\Kampus Merdeka\MSIB\..., automationName: UIAutomator2, databaseEnabled: false, desired: {apps: D:\TIC\Kampus Merdeka\MSIB\..., automationName: UIAutomator2, platformName: android, platformVersion: 12}, deviceApiLevel: 31, deviceManufacturer: vivo, deviceModel: V2027, deviceName: 5c4a3aa1, deviceScreenDensity: 320, deviceScreenSize: 720x1600, deviceUDID: 5c4a3aa1, javascriptEnabled: true, locationContextEnabled: false, networkConnectionEnabled: true, pixelRatio: 2, platform: LINUX, platformName: Android, platformVersion: 12, statBarHeight: 56, takesScreenshot: true, viewportRect: {height: 1414, left: 0, top: 56, width: 720}, warnings: {}, webStorageEnabled: false}
Session ID: bb66c2e1-80df-4c45-99af-6fb970c78cd5
*** Element info: {Using=accessibility id, value=Manajemen Tagihan mu Dengan Ginap Lorem ipsum dolor sit amet, consectetur adipiscing elit. Viverra condimentum eget purus in. Consectetur eget id morbi amet amet, in. Ipsum viverra pretium tellus neque. Ullamcorper suspendisse aenean leo pharetra in sit semper et. Amet quam placerat sem.}

Authentication.Authentication Register #4  Time elapsed: 46.645 s  <<< ERROR!
org.openqa.selenium.TimeoutException: Expected condition failed: waiting for visibility of element located by By.AccessibilityId: Manajemen Tagihan mu Dengan Ginap Lorem ipsum dolor sit amet, consectetur adipiscing elit. Viverra condimentum eget purus in. Consectetur eget id morbi amet amet, in. Ipsum viverra pretium tellus neque. Ullamcorper suspendisse aenean leo pharetra in sit semper et. Amet quam placerat sem. (tried for 30 second(s) with 1000 milliseconds interval)
Caused by: org.openqa.selenium.NoSuchElementException: 
An element could not be located on the page using the given search parameters.
For documentation on this error, please visit: https://www.seleniumhq.org/exceptions/no_such_element.html
Build info: version: '3.141.59', revision: 'e82be7d358', time: '2018-11-14T08:17:03'
System info: host: 'MYLNAP', ip: '192.168.224.45', os.name: 'Windows 11', os.arch: 'amd64', os.version: '10.0', java.version: '11.0.16'
Driver info: io.appium.java_client.android.AndroidDriver
Capabilities {apps: D:\TIC\Kampus Merdeka\MSIB\..., automationName: UIAutomator2, databaseEnabled: false, desired: {apps: D:\TIC\Kampus Merdeka\MSIB\..., automationName: UIAutomator2, platformName: android, platformVersion: 12}, deviceApiLevel: 31, deviceManufacturer: vivo, deviceModel: V2027, deviceName: 5c4a3aa1, deviceScreenDensity: 320, deviceScreenSize: 720x1600, deviceUDID: 5c4a3aa1, javascriptEnabled: true, locationContextEnabled: false, networkConnectionEnabled: true, pixelRatio: 2, platform: LINUX, platformName: Android, platformVersion: 12, statBarHeight: 56, takesScreenshot: true, viewportRect: {height: 1414, left: 0, top: 56, width: 720}, warnings: {}, webStorageEnabled: false}
Session ID: 1d63102c-c0b0-431e-bdc7-5f1b4db8c5ff
*** Element info: {Using=accessibility id, value=Manajemen Tagihan mu Dengan Ginap Lorem ipsum dolor sit amet, consectetur adipiscing elit. Viverra condimentum eget purus in. Consectetur eget id morbi amet amet, in. Ipsum viverra pretium tellus neque. Ullamcorper suspendisse aenean leo pharetra in sit semper et. Amet quam placerat sem.}

Authentication.Authentication Register #5  Time elapsed: 20.051 s  <<< ERROR!
org.openqa.selenium.WebDriverException: 
An unknown server-side error occurred while processing the command. Original error: Could not proxy command to the remote server. Original error: socket hang up
Build info: version: '3.141.59', revision: 'e82be7d358', time: '2018-11-14T08:17:03'
System info: host: 'MYLNAP', ip: '192.168.224.45', os.name: 'Windows 11', os.arch: 'amd64', os.version: '10.0', java.version: '11.0.16'
Driver info: io.appium.java_client.android.AndroidDriver
Capabilities {apps: D:\TIC\Kampus Merdeka\MSIB\..., automationName: UIAutomator2, databaseEnabled: false, desired: {apps: D:\TIC\Kampus Merdeka\MSIB\..., automationName: UIAutomator2, platformName: android, platformVersion: 12}, deviceApiLevel: 31, deviceManufacturer: vivo, deviceModel: V2027, deviceName: 5c4a3aa1, deviceScreenDensity: 320, deviceScreenSize: 720x1600, deviceUDID: 5c4a3aa1, javascriptEnabled: true, locationContextEnabled: false, networkConnectionEnabled: true, pixelRatio: 2, platform: LINUX, platformName: Android, platformVersion: 12, statBarHeight: 56, takesScreenshot: true, viewportRect: {height: 1414, left: 0, top: 56, width: 720}, warnings: {}, webStorageEnabled: false}
Session ID: bce6b71b-642b-46a0-beca-e9b3fa4914fa
*** Element info: {Using=accessibility id, value=Manajemen Tagihan mu Dengan Ginap Lorem ipsum dolor sit amet, consectetur adipiscing elit. Viverra condimentum eget purus in. Consectetur eget id morbi amet amet, in. Ipsum viverra pretium tellus neque. Ullamcorper suspendisse aenean leo pharetra in sit semper et. Amet quam placerat sem.}

Authentication.Authentication Register #6  Time elapsed: 12.255 s  <<< ERROR!
org.openqa.selenium.WebDriverException: 
An unknown server-side error occurred while processing the command. Original error: Could not proxy command to the remote server. Original error: socket hang up
Build info: version: '3.141.59', revision: 'e82be7d358', time: '2018-11-14T08:17:03'
System info: host: 'MYLNAP', ip: '192.168.224.45', os.name: 'Windows 11', os.arch: 'amd64', os.version: '10.0', java.version: '11.0.16'
Driver info: io.appium.java_client.android.AndroidDriver
Capabilities {apps: D:\TIC\Kampus Merdeka\MSIB\..., automationName: UIAutomator2, databaseEnabled: false, desired: {apps: D:\TIC\Kampus Merdeka\MSIB\..., automationName: UIAutomator2, platformName: android, platformVersion: 12}, deviceApiLevel: 31, deviceManufacturer: vivo, deviceModel: V2027, deviceName: 5c4a3aa1, deviceScreenDensity: 320, deviceScreenSize: 720x1600, deviceUDID: 5c4a3aa1, javascriptEnabled: true, locationContextEnabled: false, networkConnectionEnabled: true, pixelRatio: 2, platform: LINUX, platformName: Android, platformVersion: 12, statBarHeight: 56, takesScreenshot: true, viewportRect: {height: 1414, left: 0, top: 56, width: 720}, warnings: {}, webStorageEnabled: false}
Session ID: f5b45d2c-9000-49a3-83b1-b7dab303d05a
*** Element info: {Using=accessibility id, value=Manajemen Tagihan mu Dengan Ginap Lorem ipsum dolor sit amet, consectetur adipiscing elit. Viverra condimentum eget purus in. Consectetur eget id morbi amet amet, in. Ipsum viverra pretium tellus neque. Ullamcorper suspendisse aenean leo pharetra in sit semper et. Amet quam placerat sem.}

