<?xml version="1.0" encoding="UTF-8"?>
<testsuite xmlns:xsi="http://www.w3.org/2001/XMLSchema-instance" xsi:noNamespaceSchemaLocation="https://maven.apache.org/surefire/maven-failsafe-plugin/xsd/failsafe-test-report-3.0.xsd" version="3.0" name="com.example.acceptancetests.AcceptanceTestSuite" time="2,087.397" tests="42" errors="21" skipped="0" failures="0">
  <properties>
[...]
</properties>
  <testcase name="Authentication Register #1" classname="Authentication" time="78.05">
    <system-out><![CDATA[
@Auth @Register
Scenario Outline: Authentication Register                                                            &amp#27;[90m# src/test/resources/features/math/atuhentication.feature:19&amp#27;[0m
  &amp#27;[32mGiven &amp#27;[0m&amp#27;[32mi open app&amp#27;[0m                                                                                   &amp#27;[90m# com.example.steps.AuthRegisSteps.iOpenApp()&amp#27;[0m
  &amp#27;[32mAnd &amp#27;[0m&amp#27;[32mi am on the login page&amp#27;[0m                                                                         &amp#27;[90m# com.example.steps.AuthRegisSteps.iAmOnTheLoginPage()&amp#27;[0m
  &amp#27;[32mAnd &amp#27;[0m&amp#27;[32mi click link buat sekarang&amp#27;[0m                                                                     &amp#27;[90m# com.example.steps.AuthRegisSteps.iClickLinkBuatSekarang()&amp#27;[0m
  &amp#27;[32mWhen &amp#27;[0m&amp#27;[32mI input &amp#27;[0m&amp#27;[32m&amp#27;[1m"testing"&amp#27;[0m&amp#27;[32m fullname, &amp#27;[0m&amp#27;[32m&amp#27;[1m"12345678"&amp#27;[0m&amp#27;[32m telp, &amp#27;[0m&amp#27;[32m&amp#27;[1m"testing20@gmail.com"&amp#27;[0m&amp#27;[32m email, dan &amp#27;[0m&amp#27;[32m&amp#27;[1m"password"&amp#27;[0m&amp#27;[32m pass&amp#27;[0m &amp#27;[90m# com.example.steps.AuthRegisSteps.iInputFullnameTelpEmailDanPass(java.lang.String,java.lang.String,java.lang.String,java.lang.String)&amp#27;[0m
  &amp#27;[32mAnd &amp#27;[0m&amp#27;[32mclick &amp#27;[0m&amp#27;[32m&amp#27;[1m"see"&amp#27;[0m&amp#27;[32m see pass register&amp#27;[0m                                                                  &amp#27;[90m# com.example.steps.AuthRegisSteps.clickSeePassRegister(java.lang.String)&amp#27;[0m
  &amp#27;[32mAnd &amp#27;[0m&amp#27;[32mclick &amp#27;[0m&amp#27;[32m&amp#27;[1m"ckls"&amp#27;[0m&amp#27;[32m ckls syarat&amp#27;[0m                                                                       &amp#27;[90m# com.example.steps.AuthRegisSteps.clickCklsSyarat(java.lang.String)&amp#27;[0m
  &amp#27;[32mAnd &amp#27;[0m&amp#27;[32mclick buat akun&amp#27;[0m                                                                                &amp#27;[90m# com.example.steps.AuthRegisSteps.clickBuatAkun()&amp#27;[0m
  &amp#27;[32mThen &amp#27;[0m&amp#27;[32mI get &amp#27;[0m&amp#27;[32m&amp#27;[1m"can regis"&amp#27;[0m&amp#27;[32m result register&amp#27;[0m                                                             &amp#27;[90m# com.example.steps.AuthRegisSteps.iGetResultRegister(java.lang.String)&amp#27;[0m
]]></system-out>
    <system-err><![CDATA[[main] INFO io.cucumber.core.plugin.SerenityReporter - Running feature from file:///D:/TIC/Kampus%20Merdeka/Batch%203/Studi%20Independen/Alterra/Capstone/AutoMobile/sample-mobile-automation/src/test/resources/features/math/atuhentication.feature
[main] WARN io.cucumber.core.plugin.SerenityReporter - Feature from file:///D:/TIC/Kampus%20Merdeka/Batch%203/Studi%20Independen/Alterra/Capstone/AutoMobile/sample-mobile-automation/src/test/resources/features/math/atuhentication.feature is not under the 'features' directory. Requirements report will not be correctly generated!
[main] INFO  - 

-------------------------------------------------------------------------------------
     _______. _______ .______       _______ .__   __.  __  .___________.____    ____ 
    /       ||   ____||   _  \     |   ____||  \ |  | |  | |           |\   \  /   / 
   |   (----`|  |__   |  |_)  |    |  |__   |   \|  | |  | `---|  |----` \   \/   /  
    \   \    |   __|  |      /     |   __|  |  . `  | |  |     |  |       \_    _/   
.----)   |   |  |____ |  |\  \----.|  |____ |  |\   | |  |     |  |         |  |     
|_______/    |_______|| _| `._____||_______||__| \__| |__|     |__|         |__|    
                                                                                     
 News and tutorials at http://www.serenity-bdd.info                                  
 Documentation at https://wakaleo.gitbooks.io/the-serenity-book/content/             
 Join the Serenity Community on Gitter: https://gitter.im/serenity-bdd/serenity-core 
 Serenity BDD Support and Training at http://serenity-bdd.info/#/trainingandsupport  
-------------------------------------------------------------------------------------

[main] INFO  - Test Suite Started: Authentication
[main] INFO io.cucumber.core.plugin.SerenityReporter - Running feature from file:///D:/TIC/Kampus%20Merdeka/Batch%203/Studi%20Independen/Alterra/Capstone/AutoMobile/sample-mobile-automation/src/test/resources/features/math/payInvoiceBank.feature
[main] WARN io.cucumber.core.plugin.SerenityReporter - Feature from file:///D:/TIC/Kampus%20Merdeka/Batch%203/Studi%20Independen/Alterra/Capstone/AutoMobile/sample-mobile-automation/src/test/resources/features/math/payInvoiceBank.feature is not under the 'features' directory. Requirements report will not be correctly generated!
[main] INFO  - Test Suite Started: Pay Transaksi with Rek Bank
[main] INFO io.cucumber.core.plugin.SerenityReporter - Running feature from file:///D:/TIC/Kampus%20Merdeka/Batch%203/Studi%20Independen/Alterra/Capstone/AutoMobile/sample-mobile-automation/src/test/resources/features/math/payInvoiceVA.feature
[main] WARN io.cucumber.core.plugin.SerenityReporter - Feature from file:///D:/TIC/Kampus%20Merdeka/Batch%203/Studi%20Independen/Alterra/Capstone/AutoMobile/sample-mobile-automation/src/test/resources/features/math/payInvoiceVA.feature is not under the 'features' directory. Requirements report will not be correctly generated!
[main] INFO  - Test Suite Started: Pay Transaksi with Virtual Akun
[main] INFO io.cucumber.core.plugin.SerenityReporter - Running feature from file:///D:/TIC/Kampus%20Merdeka/Batch%203/Studi%20Independen/Alterra/Capstone/AutoMobile/sample-mobile-automation/src/test/resources/features/math/statusPay.feature
[main] WARN io.cucumber.core.plugin.SerenityReporter - Feature from file:///D:/TIC/Kampus%20Merdeka/Batch%203/Studi%20Independen/Alterra/Capstone/AutoMobile/sample-mobile-automation/src/test/resources/features/math/statusPay.feature is not under the 'features' directory. Requirements report will not be correctly generated!
[main] INFO  - Test Suite Started: Bill page
[main] INFO io.cucumber.core.plugin.SerenityReporter - Running feature from file:///D:/TIC/Kampus%20Merdeka/Batch%203/Studi%20Independen/Alterra/Capstone/AutoMobile/sample-mobile-automation/src/test/resources/features/math/atuhentication.feature
[main] WARN io.cucumber.core.plugin.SerenityReporter - Feature from file:///D:/TIC/Kampus%20Merdeka/Batch%203/Studi%20Independen/Alterra/Capstone/AutoMobile/sample-mobile-automation/src/test/resources/features/math/atuhentication.feature is not under the 'features' directory. Requirements report will not be correctly generated!
[main] INFO  - 
 _____ _____ ____ _____   ____ _____  _    ____ _____ _____ ____  
|_   _| ____/ ___|_   _| / ___|_   _|/ \  |  _ \_   _| ____|  _ \ 
  | | |  _| \___ \ | |   \___ \ | | / _ \ | |_) || | |  _| | | | |
  | | | |___ ___) || |    ___) || |/ ___ \|  _ < | | | |___| |_| |
  |_| |_____|____/ |_|   |____/ |_/_/   \_\_| \_\|_| |_____|____/ 

Authentication Register(authentication;authentication-register)
-------------------------------------------------------------------
Dec 23, 2022 7:05:00 PM io.appium.java_client.remote.AppiumCommandExecutor$1 lambda$0
INFO: Detected dialect: W3C
[main] INFO  - 
        __    _____ _____ ____ _____   ____   _    ____  ____  _____ ____  
  _     \ \  |_   _| ____/ ___|_   _| |  _ \ / \  / ___|/ ___|| ____|  _ \ 
 (_)_____| |   | | |  _| \___ \ | |   | |_) / _ \ \___ \\___ \|  _| | | | |
  _|_____| |   | | | |___ ___) || |   |  __/ ___ \ ___) |___) | |___| |_| |
 (_)     | |   |_| |_____|____/ |_|   |_| /_/   \_\____/|____/|_____|____/ 
        /_/                                                                

Authentication Register
----------------------------------------------------------------------------
]]></system-err>
  </testcase>
  <testcase name="Authentication Register #2" classname="Authentication" time="53.934">
    <system-out><![CDATA[
@Auth @Register
Scenario Outline: Authentication Register                                                            &amp#27;[90m# src/test/resources/features/math/atuhentication.feature:20&amp#27;[0m
  &amp#27;[32mGiven &amp#27;[0m&amp#27;[32mi open app&amp#27;[0m                                                                                   &amp#27;[90m# com.example.steps.AuthRegisSteps.iOpenApp()&amp#27;[0m
  &amp#27;[32mAnd &amp#27;[0m&amp#27;[32mi am on the login page&amp#27;[0m                                                                         &amp#27;[90m# com.example.steps.AuthRegisSteps.iAmOnTheLoginPage()&amp#27;[0m
  &amp#27;[32mAnd &amp#27;[0m&amp#27;[32mi click link buat sekarang&amp#27;[0m                                                                     &amp#27;[90m# com.example.steps.AuthRegisSteps.iClickLinkBuatSekarang()&amp#27;[0m
  &amp#27;[32mWhen &amp#27;[0m&amp#27;[32mI input &amp#27;[0m&amp#27;[32m&amp#27;[1m"testing"&amp#27;[0m&amp#27;[32m fullname, &amp#27;[0m&amp#27;[32m&amp#27;[1m"12345678"&amp#27;[0m&amp#27;[32m telp, &amp#27;[0m&amp#27;[32m&amp#27;[1m"testing20@gmail.com"&amp#27;[0m&amp#27;[32m email, dan &amp#27;[0m&amp#27;[32m&amp#27;[1m"password"&amp#27;[0m&amp#27;[32m pass&amp#27;[0m &amp#27;[90m# com.example.steps.AuthRegisSteps.iInputFullnameTelpEmailDanPass(java.lang.String,java.lang.String,java.lang.String,java.lang.String)&amp#27;[0m
  &amp#27;[32mAnd &amp#27;[0m&amp#27;[32mclick &amp#27;[0m&amp#27;[32m&amp#27;[1m"see"&amp#27;[0m&amp#27;[32m see pass register&amp#27;[0m                                                                  &amp#27;[90m# com.example.steps.AuthRegisSteps.clickSeePassRegister(java.lang.String)&amp#27;[0m
  &amp#27;[32mAnd &amp#27;[0m&amp#27;[32mclick &amp#27;[0m&amp#27;[32m&amp#27;[1m"ckls"&amp#27;[0m&amp#27;[32m ckls syarat&amp#27;[0m                                                                       &amp#27;[90m# com.example.steps.AuthRegisSteps.clickCklsSyarat(java.lang.String)&amp#27;[0m
  &amp#27;[32mAnd &amp#27;[0m&amp#27;[32mclick buat akun&amp#27;[0m                                                                                &amp#27;[90m# com.example.steps.AuthRegisSteps.clickBuatAkun()&amp#27;[0m
  &amp#27;[32mThen &amp#27;[0m&amp#27;[32mI get &amp#27;[0m&amp#27;[32m&amp#27;[1m"error regis"&amp#27;[0m&amp#27;[32m result register&amp#27;[0m                                                           &amp#27;[90m# com.example.steps.AuthRegisSteps.iGetResultRegister(java.lang.String)&amp#27;[0m
]]></system-out>
    <system-err><![CDATA[[main] INFO io.cucumber.core.plugin.SerenityReporter - Running feature from file:///D:/TIC/Kampus%20Merdeka/Batch%203/Studi%20Independen/Alterra/Capstone/AutoMobile/sample-mobile-automation/src/test/resources/features/math/atuhentication.feature
[main] WARN io.cucumber.core.plugin.SerenityReporter - Feature from file:///D:/TIC/Kampus%20Merdeka/Batch%203/Studi%20Independen/Alterra/Capstone/AutoMobile/sample-mobile-automation/src/test/resources/features/math/atuhentication.feature is not under the 'features' directory. Requirements report will not be correctly generated!
Dec 23, 2022 7:05:58 PM io.appium.java_client.remote.AppiumCommandExecutor$1 lambda$0
INFO: Detected dialect: W3C
[main] INFO  - 
        __    _____ _____ ____ _____   ____   _    ____  ____  _____ ____  
  _     \ \  |_   _| ____/ ___|_   _| |  _ \ / \  / ___|/ ___|| ____|  _ \ 
 (_)_____| |   | | |  _| \___ \ | |   | |_) / _ \ \___ \\___ \|  _| | | | |
  _|_____| |   | | | |___ ___) || |   |  __/ ___ \ ___) |___) | |___| |_| |
 (_)     | |   |_| |_____|____/ |_|   |_| /_/   \_\____/|____/|_____|____/ 
        /_/                                                                

Authentication Register
----------------------------------------------------------------------------
]]></system-err>
  </testcase>
  <testcase name="Authentication Register #3" classname="Authentication" time="53.641">
    <system-out><![CDATA[
@Auth @Register
Scenario Outline: Authentication Register                  &amp#27;[90m# src/test/resources/features/math/atuhentication.feature:21&amp#27;[0m
  &amp#27;[32mGiven &amp#27;[0m&amp#27;[32mi open app&amp#27;[0m                                         &amp#27;[90m# com.example.steps.AuthRegisSteps.iOpenApp()&amp#27;[0m
  &amp#27;[32mAnd &amp#27;[0m&amp#27;[32mi am on the login page&amp#27;[0m                               &amp#27;[90m# com.example.steps.AuthRegisSteps.iAmOnTheLoginPage()&amp#27;[0m
  &amp#27;[32mAnd &amp#27;[0m&amp#27;[32mi click link buat sekarang&amp#27;[0m                           &amp#27;[90m# com.example.steps.AuthRegisSteps.iClickLinkBuatSekarang()&amp#27;[0m
  &amp#27;[32mWhen &amp#27;[0m&amp#27;[32mI input &amp#27;[0m&amp#27;[32m&amp#27;[1m""&amp#27;[0m&amp#27;[32m fullname, &amp#27;[0m&amp#27;[32m&amp#27;[1m""&amp#27;[0m&amp#27;[32m telp, &amp#27;[0m&amp#27;[32m&amp#27;[1m""&amp#27;[0m&amp#27;[32m email, dan &amp#27;[0m&amp#27;[32m&amp#27;[1m""&amp#27;[0m&amp#27;[32m pass&amp#27;[0m &amp#27;[90m# com.example.steps.AuthRegisSteps.iInputFullnameTelpEmailDanPass(java.lang.String,java.lang.String,java.lang.String,java.lang.String)&amp#27;[0m
  &amp#27;[32mAnd &amp#27;[0m&amp#27;[32mclick &amp#27;[0m&amp#27;[32m&amp#27;[1m"no see"&amp#27;[0m&amp#27;[32m see pass register&amp#27;[0m                     &amp#27;[90m# com.example.steps.AuthRegisSteps.clickSeePassRegister(java.lang.String)&amp#27;[0m
  &amp#27;[32mAnd &amp#27;[0m&amp#27;[32mclick &amp#27;[0m&amp#27;[32m&amp#27;[1m"no ckls"&amp#27;[0m&amp#27;[32m ckls syarat&amp#27;[0m                          &amp#27;[90m# com.example.steps.AuthRegisSteps.clickCklsSyarat(java.lang.String)&amp#27;[0m
  &amp#27;[32mAnd &amp#27;[0m&amp#27;[32mclick buat akun&amp#27;[0m                                      &amp#27;[90m# com.example.steps.AuthRegisSteps.clickBuatAkun()&amp#27;[0m
  &amp#27;[32mThen &amp#27;[0m&amp#27;[32mI get &amp#27;[0m&amp#27;[32m&amp#27;[1m"cant regis"&amp#27;[0m&amp#27;[32m result register&amp#27;[0m                  &amp#27;[90m# com.example.steps.AuthRegisSteps.iGetResultRegister(java.lang.String)&amp#27;[0m
]]></system-out>
    <system-err><![CDATA[[main] INFO io.cucumber.core.plugin.SerenityReporter - Running feature from file:///D:/TIC/Kampus%20Merdeka/Batch%203/Studi%20Independen/Alterra/Capstone/AutoMobile/sample-mobile-automation/src/test/resources/features/math/atuhentication.feature
[main] WARN io.cucumber.core.plugin.SerenityReporter - Feature from file:///D:/TIC/Kampus%20Merdeka/Batch%203/Studi%20Independen/Alterra/Capstone/AutoMobile/sample-mobile-automation/src/test/resources/features/math/atuhentication.feature is not under the 'features' directory. Requirements report will not be correctly generated!
Dec 23, 2022 7:06:53 PM io.appium.java_client.remote.AppiumCommandExecutor$1 lambda$0
INFO: Detected dialect: W3C
]]></system-err>
  </testcase>
  <testcase name="Authentication Register #4" classname="Authentication" time="51.705">
    <system-out><![CDATA[
@Auth @Register
Scenario Outline: Authentication Register                                                     &amp#27;[90m# src/test/resources/features/math/atuhentication.feature:22&amp#27;[0m
  &amp#27;[32mGiven &amp#27;[0m&amp#27;[32mi open app&amp#27;[0m                                                                            &amp#27;[90m# com.example.steps.AuthRegisSteps.iOpenApp()&amp#27;[0m
  &amp#27;[32mAnd &amp#27;[0m&amp#27;[32mi am on the login page&amp#27;[0m                                                                  &amp#27;[90m# com.example.steps.AuthRegisSteps.iAmOnTheLoginPage()&amp#27;[0m
  &amp#27;[32mAnd &amp#27;[0m&amp#27;[32mi click link buat sekarang&amp#27;[0m                                                              &amp#27;[90m# com.example.steps.AuthRegisSteps.iClickLinkBuatSekarang()&amp#27;[0m
  &amp#27;[32mWhen &amp#27;[0m&amp#27;[32mI input &amp#27;[0m&amp#27;[32m&amp#27;[1m""&amp#27;[0m&amp#27;[32m fullname, &amp#27;[0m&amp#27;[32m&amp#27;[1m"12345678"&amp#27;[0m&amp#27;[32m telp, &amp#27;[0m&amp#27;[32m&amp#27;[1m"testing20@gmail.com"&amp#27;[0m&amp#27;[32m email, dan &amp#27;[0m&amp#27;[32m&amp#27;[1m"password"&amp#27;[0m&amp#27;[32m pass&amp#27;[0m &amp#27;[90m# com.example.steps.AuthRegisSteps.iInputFullnameTelpEmailDanPass(java.lang.String,java.lang.String,java.lang.String,java.lang.String)&amp#27;[0m
  &amp#27;[32mAnd &amp#27;[0m&amp#27;[32mclick &amp#27;[0m&amp#27;[32m&amp#27;[1m"see"&amp#27;[0m&amp#27;[32m see pass register&amp#27;[0m                                                           &amp#27;[90m# com.example.steps.AuthRegisSteps.clickSeePassRegister(java.lang.String)&amp#27;[0m
  &amp#27;[32mAnd &amp#27;[0m&amp#27;[32mclick &amp#27;[0m&amp#27;[32m&amp#27;[1m"ckls"&amp#27;[0m&amp#27;[32m ckls syarat&amp#27;[0m                                                                &amp#27;[90m# com.example.steps.AuthRegisSteps.clickCklsSyarat(java.lang.String)&amp#27;[0m
  &amp#27;[32mAnd &amp#27;[0m&amp#27;[32mclick buat akun&amp#27;[0m                                                                         &amp#27;[90m# com.example.steps.AuthRegisSteps.clickBuatAkun()&amp#27;[0m
  &amp#27;[32mThen &amp#27;[0m&amp#27;[32mI get &amp#27;[0m&amp#27;[32m&amp#27;[1m"error fullname"&amp#27;[0m&amp#27;[32m result register&amp#27;[0m                                                 &amp#27;[90m# com.example.steps.AuthRegisSteps.iGetResultRegister(java.lang.String)&amp#27;[0m
]]></system-out>
    <system-err><![CDATA[[main] INFO io.cucumber.core.plugin.SerenityReporter - Running feature from file:///D:/TIC/Kampus%20Merdeka/Batch%203/Studi%20Independen/Alterra/Capstone/AutoMobile/sample-mobile-automation/src/test/resources/features/math/atuhentication.feature
[main] WARN io.cucumber.core.plugin.SerenityReporter - Feature from file:///D:/TIC/Kampus%20Merdeka/Batch%203/Studi%20Independen/Alterra/Capstone/AutoMobile/sample-mobile-automation/src/test/resources/features/math/atuhentication.feature is not under the 'features' directory. Requirements report will not be correctly generated!
Dec 23, 2022 7:07:45 PM io.appium.java_client.remote.AppiumCommandExecutor$1 lambda$0
INFO: Detected dialect: W3C
]]></system-err>
  </testcase>
  <testcase name="Authentication Register #5" classname="Authentication" time="63.859">
    <system-out><![CDATA[
@Auth @Register
Scenario Outline: Authentication Register                                             &amp#27;[90m# src/test/resources/features/math/atuhentication.feature:23&amp#27;[0m
  &amp#27;[32mGiven &amp#27;[0m&amp#27;[32mi open app&amp#27;[0m                                                                    &amp#27;[90m# com.example.steps.AuthRegisSteps.iOpenApp()&amp#27;[0m
  &amp#27;[32mAnd &amp#27;[0m&amp#27;[32mi am on the login page&amp#27;[0m                                                          &amp#27;[90m# com.example.steps.AuthRegisSteps.iAmOnTheLoginPage()&amp#27;[0m
  &amp#27;[32mAnd &amp#27;[0m&amp#27;[32mi click link buat sekarang&amp#27;[0m                                                      &amp#27;[90m# com.example.steps.AuthRegisSteps.iClickLinkBuatSekarang()&amp#27;[0m
  &amp#27;[32mWhen &amp#27;[0m&amp#27;[32mI input &amp#27;[0m&amp#27;[32m&amp#27;[1m""&amp#27;[0m&amp#27;[32m fullname, &amp#27;[0m&amp#27;[32m&amp#27;[1m""&amp#27;[0m&amp#27;[32m telp, &amp#27;[0m&amp#27;[32m&amp#27;[1m"testing20@gmail.com"&amp#27;[0m&amp#27;[32m email, dan &amp#27;[0m&amp#27;[32m&amp#27;[1m"password"&amp#27;[0m&amp#27;[32m pass&amp#27;[0m &amp#27;[90m# com.example.steps.AuthRegisSteps.iInputFullnameTelpEmailDanPass(java.lang.String,java.lang.String,java.lang.String,java.lang.String)&amp#27;[0m
  &amp#27;[32mAnd &amp#27;[0m&amp#27;[32mclick &amp#27;[0m&amp#27;[32m&amp#27;[1m"see"&amp#27;[0m&amp#27;[32m see pass register&amp#27;[0m                                                   &amp#27;[90m# com.example.steps.AuthRegisSteps.clickSeePassRegister(java.lang.String)&amp#27;[0m
  &amp#27;[32mAnd &amp#27;[0m&amp#27;[32mclick &amp#27;[0m&amp#27;[32m&amp#27;[1m"ckls"&amp#27;[0m&amp#27;[32m ckls syarat&amp#27;[0m                                                        &amp#27;[90m# com.example.steps.AuthRegisSteps.clickCklsSyarat(java.lang.String)&amp#27;[0m
  &amp#27;[32mAnd &amp#27;[0m&amp#27;[32mclick buat akun&amp#27;[0m                                                                 &amp#27;[90m# com.example.steps.AuthRegisSteps.clickBuatAkun()&amp#27;[0m
  &amp#27;[32mThen &amp#27;[0m&amp#27;[32mI get &amp#27;[0m&amp#27;[32m&amp#27;[1m"error notelp"&amp#27;[0m&amp#27;[32m result register&amp#27;[0m                                           &amp#27;[90m# com.example.steps.AuthRegisSteps.iGetResultRegister(java.lang.String)&amp#27;[0m
]]></system-out>
    <system-err><![CDATA[[main] INFO io.cucumber.core.plugin.SerenityReporter - Running feature from file:///D:/TIC/Kampus%20Merdeka/Batch%203/Studi%20Independen/Alterra/Capstone/AutoMobile/sample-mobile-automation/src/test/resources/features/math/atuhentication.feature
[main] WARN io.cucumber.core.plugin.SerenityReporter - Feature from file:///D:/TIC/Kampus%20Merdeka/Batch%203/Studi%20Independen/Alterra/Capstone/AutoMobile/sample-mobile-automation/src/test/resources/features/math/atuhentication.feature is not under the 'features' directory. Requirements report will not be correctly generated!
Dec 23, 2022 7:08:40 PM io.appium.java_client.remote.AppiumCommandExecutor$1 lambda$0
INFO: Detected dialect: W3C
]]></system-err>
  </testcase>
  <testcase name="Authentication Register #6" classname="Authentication" time="52.298">
    <system-out><![CDATA[
@Auth @Register
Scenario Outline: Authentication Register                          &amp#27;[90m# src/test/resources/features/math/atuhentication.feature:24&amp#27;[0m
  &amp#27;[32mGiven &amp#27;[0m&amp#27;[32mi open app&amp#27;[0m                                                 &amp#27;[90m# com.example.steps.AuthRegisSteps.iOpenApp()&amp#27;[0m
  &amp#27;[32mAnd &amp#27;[0m&amp#27;[32mi am on the login page&amp#27;[0m                                       &amp#27;[90m# com.example.steps.AuthRegisSteps.iAmOnTheLoginPage()&amp#27;[0m
  &amp#27;[32mAnd &amp#27;[0m&amp#27;[32mi click link buat sekarang&amp#27;[0m                                   &amp#27;[90m# com.example.steps.AuthRegisSteps.iClickLinkBuatSekarang()&amp#27;[0m
  &amp#27;[32mWhen &amp#27;[0m&amp#27;[32mI input &amp#27;[0m&amp#27;[32m&amp#27;[1m""&amp#27;[0m&amp#27;[32m fullname, &amp#27;[0m&amp#27;[32m&amp#27;[1m""&amp#27;[0m&amp#27;[32m telp, &amp#27;[0m&amp#27;[32m&amp#27;[1m""&amp#27;[0m&amp#27;[32m email, dan &amp#27;[0m&amp#27;[32m&amp#27;[1m"password"&amp#27;[0m&amp#27;[32m pass&amp#27;[0m &amp#27;[90m# com.example.steps.AuthRegisSteps.iInputFullnameTelpEmailDanPass(java.lang.String,java.lang.String,java.lang.String,java.lang.String)&amp#27;[0m
  &amp#27;[32mAnd &amp#27;[0m&amp#27;[32mclick &amp#27;[0m&amp#27;[32m&amp#27;[1m"see"&amp#27;[0m&amp#27;[32m see pass register&amp#27;[0m                                &amp#27;[90m# com.example.steps.AuthRegisSteps.clickSeePassRegister(java.lang.String)&amp#27;[0m
  &amp#27;[32mAnd &amp#27;[0m&amp#27;[32mclick &amp#27;[0m&amp#27;[32m&amp#27;[1m"no ckls"&amp#27;[0m&amp#27;[32m ckls syarat&amp#27;[0m                                  &amp#27;[90m# com.example.steps.AuthRegisSteps.clickCklsSyarat(java.lang.String)&amp#27;[0m
  &amp#27;[32mAnd &amp#27;[0m&amp#27;[32mclick buat akun&amp#27;[0m                                              &amp#27;[90m# com.example.steps.AuthRegisSteps.clickBuatAkun()&amp#27;[0m
  &amp#27;[32mThen &amp#27;[0m&amp#27;[32mI get &amp#27;[0m&amp#27;[32m&amp#27;[1m"error email"&amp#27;[0m&amp#27;[32m result register&amp#27;[0m                         &amp#27;[90m# com.example.steps.AuthRegisSteps.iGetResultRegister(java.lang.String)&amp#27;[0m
]]></system-out>
    <system-err><![CDATA[[main] INFO io.cucumber.core.plugin.SerenityReporter - Running feature from file:///D:/TIC/Kampus%20Merdeka/Batch%203/Studi%20Independen/Alterra/Capstone/AutoMobile/sample-mobile-automation/src/test/resources/features/math/atuhentication.feature
[main] WARN io.cucumber.core.plugin.SerenityReporter - Feature from file:///D:/TIC/Kampus%20Merdeka/Batch%203/Studi%20Independen/Alterra/Capstone/AutoMobile/sample-mobile-automation/src/test/resources/features/math/atuhentication.feature is not under the 'features' directory. Requirements report will not be correctly generated!
Dec 23, 2022 7:09:38 PM io.appium.java_client.remote.AppiumCommandExecutor$1 lambda$0
INFO: Detected dialect: W3C
]]></system-err>
  </testcase>
  <testcase name="Authentication Register #7" classname="Authentication" time="55.95">
    <system-out><![CDATA[
@Auth @Register
Scenario Outline: Authentication Register                                                    &amp#27;[90m# src/test/resources/features/math/atuhentication.feature:25&amp#27;[0m
  &amp#27;[32mGiven &amp#27;[0m&amp#27;[32mi open app&amp#27;[0m                                                                           &amp#27;[90m# com.example.steps.AuthRegisSteps.iOpenApp()&amp#27;[0m
  &amp#27;[32mAnd &amp#27;[0m&amp#27;[32mi am on the login page&amp#27;[0m                                                                 &amp#27;[90m# com.example.steps.AuthRegisSteps.iAmOnTheLoginPage()&amp#27;[0m
  &amp#27;[32mAnd &amp#27;[0m&amp#27;[32mi click link buat sekarang&amp#27;[0m                                                             &amp#27;[90m# com.example.steps.AuthRegisSteps.iClickLinkBuatSekarang()&amp#27;[0m
  &amp#27;[32mWhen &amp#27;[0m&amp#27;[32mI input &amp#27;[0m&amp#27;[32m&amp#27;[1m"testing"&amp#27;[0m&amp#27;[32m fullname, &amp#27;[0m&amp#27;[32m&amp#27;[1m""&amp#27;[0m&amp#27;[32m telp, &amp#27;[0m&amp#27;[32m&amp#27;[1m"testing20@gmail.com"&amp#27;[0m&amp#27;[32m email, dan &amp#27;[0m&amp#27;[32m&amp#27;[1m"password"&amp#27;[0m&amp#27;[32m pass&amp#27;[0m &amp#27;[90m# com.example.steps.AuthRegisSteps.iInputFullnameTelpEmailDanPass(java.lang.String,java.lang.String,java.lang.String,java.lang.String)&amp#27;[0m
  &amp#27;[32mAnd &amp#27;[0m&amp#27;[32mclick &amp#27;[0m&amp#27;[32m&amp#27;[1m"see"&amp#27;[0m&amp#27;[32m see pass register&amp#27;[0m                                                          &amp#27;[90m# com.example.steps.AuthRegisSteps.clickSeePassRegister(java.lang.String)&amp#27;[0m
  &amp#27;[32mAnd &amp#27;[0m&amp#27;[32mclick &amp#27;[0m&amp#27;[32m&amp#27;[1m"no ckls"&amp#27;[0m&amp#27;[32m ckls syarat&amp#27;[0m                                                            &amp#27;[90m# com.example.steps.AuthRegisSteps.clickCklsSyarat(java.lang.String)&amp#27;[0m
  &amp#27;[32mAnd &amp#27;[0m&amp#27;[32mclick buat akun&amp#27;[0m                                                                        &amp#27;[90m# com.example.steps.AuthRegisSteps.clickBuatAkun()&amp#27;[0m
  &amp#27;[32mThen &amp#27;[0m&amp#27;[32mI get &amp#27;[0m&amp#27;[32m&amp#27;[1m"error notelp"&amp#27;[0m&amp#27;[32m result register&amp#27;[0m                                                  &amp#27;[90m# com.example.steps.AuthRegisSteps.iGetResultRegister(java.lang.String)&amp#27;[0m
]]></system-out>
    <system-err><![CDATA[[main] INFO io.cucumber.core.plugin.SerenityReporter - Running feature from file:///D:/TIC/Kampus%20Merdeka/Batch%203/Studi%20Independen/Alterra/Capstone/AutoMobile/sample-mobile-automation/src/test/resources/features/math/atuhentication.feature
[main] WARN io.cucumber.core.plugin.SerenityReporter - Feature from file:///D:/TIC/Kampus%20Merdeka/Batch%203/Studi%20Independen/Alterra/Capstone/AutoMobile/sample-mobile-automation/src/test/resources/features/math/atuhentication.feature is not under the 'features' directory. Requirements report will not be correctly generated!
Dec 23, 2022 7:10:33 PM io.appium.java_client.remote.AppiumCommandExecutor$1 lambda$0
INFO: Detected dialect: W3C
]]></system-err>
  </testcase>
  <testcase name="Authentication Register #8" classname="Authentication" time="54.144">
    <system-out><![CDATA[
@Auth @Register
Scenario Outline: Authentication Register                                 &amp#27;[90m# src/test/resources/features/math/atuhentication.feature:26&amp#27;[0m
  &amp#27;[32mGiven &amp#27;[0m&amp#27;[32mi open app&amp#27;[0m                                                        &amp#27;[90m# com.example.steps.AuthRegisSteps.iOpenApp()&amp#27;[0m
  &amp#27;[32mAnd &amp#27;[0m&amp#27;[32mi am on the login page&amp#27;[0m                                              &amp#27;[90m# com.example.steps.AuthRegisSteps.iAmOnTheLoginPage()&amp#27;[0m
  &amp#27;[32mAnd &amp#27;[0m&amp#27;[32mi click link buat sekarang&amp#27;[0m                                          &amp#27;[90m# com.example.steps.AuthRegisSteps.iClickLinkBuatSekarang()&amp#27;[0m
  &amp#27;[32mWhen &amp#27;[0m&amp#27;[32mI input &amp#27;[0m&amp#27;[32m&amp#27;[1m"testing"&amp#27;[0m&amp#27;[32m fullname, &amp#27;[0m&amp#27;[32m&amp#27;[1m""&amp#27;[0m&amp#27;[32m telp, &amp#27;[0m&amp#27;[32m&amp#27;[1m""&amp#27;[0m&amp#27;[32m email, dan &amp#27;[0m&amp#27;[32m&amp#27;[1m"password"&amp#27;[0m&amp#27;[32m pass&amp#27;[0m &amp#27;[90m# com.example.steps.AuthRegisSteps.iInputFullnameTelpEmailDanPass(java.lang.String,java.lang.String,java.lang.String,java.lang.String)&amp#27;[0m
  &amp#27;[32mAnd &amp#27;[0m&amp#27;[32mclick &amp#27;[0m&amp#27;[32m&amp#27;[1m"see"&amp#27;[0m&amp#27;[32m see pass register&amp#27;[0m                                       &amp#27;[90m# com.example.steps.AuthRegisSteps.clickSeePassRegister(java.lang.String)&amp#27;[0m
  &amp#27;[32mAnd &amp#27;[0m&amp#27;[32mclick &amp#27;[0m&amp#27;[32m&amp#27;[1m"ckls"&amp#27;[0m&amp#27;[32m ckls syarat&amp#27;[0m                                            &amp#27;[90m# com.example.steps.AuthRegisSteps.clickCklsSyarat(java.lang.String)&amp#27;[0m
  &amp#27;[32mAnd &amp#27;[0m&amp#27;[32mclick buat akun&amp#27;[0m                                                     &amp#27;[90m# com.example.steps.AuthRegisSteps.clickBuatAkun()&amp#27;[0m
  &amp#27;[32mThen &amp#27;[0m&amp#27;[32mI get &amp#27;[0m&amp#27;[32m&amp#27;[1m"error notelp"&amp#27;[0m&amp#27;[32m result register&amp#27;[0m                               &amp#27;[90m# com.example.steps.AuthRegisSteps.iGetResultRegister(java.lang.String)&amp#27;[0m
]]></system-out>
    <system-err><![CDATA[[main] INFO io.cucumber.core.plugin.SerenityReporter - Running feature from file:///D:/TIC/Kampus%20Merdeka/Batch%203/Studi%20Independen/Alterra/Capstone/AutoMobile/sample-mobile-automation/src/test/resources/features/math/atuhentication.feature
[main] WARN io.cucumber.core.plugin.SerenityReporter - Feature from file:///D:/TIC/Kampus%20Merdeka/Batch%203/Studi%20Independen/Alterra/Capstone/AutoMobile/sample-mobile-automation/src/test/resources/features/math/atuhentication.feature is not under the 'features' directory. Requirements report will not be correctly generated!
Dec 23, 2022 7:11:29 PM io.appium.java_client.remote.AppiumCommandExecutor$1 lambda$0
INFO: Detected dialect: W3C
]]></system-err>
  </testcase>
  <testcase name="Authentication Register #9" classname="Authentication" time="57.259">
    <system-out><![CDATA[
@Auth @Register
Scenario Outline: Authentication Register                         &amp#27;[90m# src/test/resources/features/math/atuhentication.feature:27&amp#27;[0m
  &amp#27;[32mGiven &amp#27;[0m&amp#27;[32mi open app&amp#27;[0m                                                &amp#27;[90m# com.example.steps.AuthRegisSteps.iOpenApp()&amp#27;[0m
  &amp#27;[32mAnd &amp#27;[0m&amp#27;[32mi am on the login page&amp#27;[0m                                      &amp#27;[90m# com.example.steps.AuthRegisSteps.iAmOnTheLoginPage()&amp#27;[0m
  &amp#27;[32mAnd &amp#27;[0m&amp#27;[32mi click link buat sekarang&amp#27;[0m                                  &amp#27;[90m# com.example.steps.AuthRegisSteps.iClickLinkBuatSekarang()&amp#27;[0m
  &amp#27;[32mWhen &amp#27;[0m&amp#27;[32mI input &amp#27;[0m&amp#27;[32m&amp#27;[1m"testing"&amp#27;[0m&amp#27;[32m fullname, &amp#27;[0m&amp#27;[32m&amp#27;[1m""&amp#27;[0m&amp#27;[32m telp, &amp#27;[0m&amp#27;[32m&amp#27;[1m""&amp#27;[0m&amp#27;[32m email, dan &amp#27;[0m&amp#27;[32m&amp#27;[1m""&amp#27;[0m&amp#27;[32m pass&amp#27;[0m &amp#27;[90m# com.example.steps.AuthRegisSteps.iInputFullnameTelpEmailDanPass(java.lang.String,java.lang.String,java.lang.String,java.lang.String)&amp#27;[0m
  &amp#27;[32mAnd &amp#27;[0m&amp#27;[32mclick &amp#27;[0m&amp#27;[32m&amp#27;[1m"no see"&amp#27;[0m&amp#27;[32m see pass register&amp#27;[0m                            &amp#27;[90m# com.example.steps.AuthRegisSteps.clickSeePassRegister(java.lang.String)&amp#27;[0m
  &amp#27;[32mAnd &amp#27;[0m&amp#27;[32mclick &amp#27;[0m&amp#27;[32m&amp#27;[1m"no ckls"&amp#27;[0m&amp#27;[32m ckls syarat&amp#27;[0m                                 &amp#27;[90m# com.example.steps.AuthRegisSteps.clickCklsSyarat(java.lang.String)&amp#27;[0m
  &amp#27;[32mAnd &amp#27;[0m&amp#27;[32mclick buat akun&amp#27;[0m                                             &amp#27;[90m# com.example.steps.AuthRegisSteps.clickBuatAkun()&amp#27;[0m
  &amp#27;[32mThen &amp#27;[0m&amp#27;[32mI get &amp#27;[0m&amp#27;[32m&amp#27;[1m"error email"&amp#27;[0m&amp#27;[32m result register&amp#27;[0m                        &amp#27;[90m# com.example.steps.AuthRegisSteps.iGetResultRegister(java.lang.String)&amp#27;[0m
]]></system-out>
    <system-err><![CDATA[[main] INFO io.cucumber.core.plugin.SerenityReporter - Running feature from file:///D:/TIC/Kampus%20Merdeka/Batch%203/Studi%20Independen/Alterra/Capstone/AutoMobile/sample-mobile-automation/src/test/resources/features/math/atuhentication.feature
[main] WARN io.cucumber.core.plugin.SerenityReporter - Feature from file:///D:/TIC/Kampus%20Merdeka/Batch%203/Studi%20Independen/Alterra/Capstone/AutoMobile/sample-mobile-automation/src/test/resources/features/math/atuhentication.feature is not under the 'features' directory. Requirements report will not be correctly generated!
Dec 23, 2022 7:12:23 PM io.appium.java_client.remote.AppiumCommandExecutor$1 lambda$0
INFO: Detected dialect: W3C
]]></system-err>
  </testcase>
  <testcase name="Authentication Register #10" classname="Authentication" time="50.188">
    <system-out><![CDATA[
@Auth @Register
Scenario Outline: Authentication Register                                         &amp#27;[90m# src/test/resources/features/math/atuhentication.feature:28&amp#27;[0m
  &amp#27;[32mGiven &amp#27;[0m&amp#27;[32mi open app&amp#27;[0m                                                                &amp#27;[90m# com.example.steps.AuthRegisSteps.iOpenApp()&amp#27;[0m
  &amp#27;[32mAnd &amp#27;[0m&amp#27;[32mi am on the login page&amp#27;[0m                                                      &amp#27;[90m# com.example.steps.AuthRegisSteps.iAmOnTheLoginPage()&amp#27;[0m
  &amp#27;[32mAnd &amp#27;[0m&amp#27;[32mi click link buat sekarang&amp#27;[0m                                                  &amp#27;[90m# com.example.steps.AuthRegisSteps.iClickLinkBuatSekarang()&amp#27;[0m
  &amp#27;[32mWhen &amp#27;[0m&amp#27;[32mI input &amp#27;[0m&amp#27;[32m&amp#27;[1m"testing"&amp#27;[0m&amp#27;[32m fullname, &amp#27;[0m&amp#27;[32m&amp#27;[1m"12345678"&amp#27;[0m&amp#27;[32m telp, &amp#27;[0m&amp#27;[32m&amp#27;[1m""&amp#27;[0m&amp#27;[32m email, dan &amp#27;[0m&amp#27;[32m&amp#27;[1m"password"&amp#27;[0m&amp#27;[32m pass&amp#27;[0m &amp#27;[90m# com.example.steps.AuthRegisSteps.iInputFullnameTelpEmailDanPass(java.lang.String,java.lang.String,java.lang.String,java.lang.String)&amp#27;[0m
  &amp#27;[32mAnd &amp#27;[0m&amp#27;[32mclick &amp#27;[0m&amp#27;[32m&amp#27;[1m"see"&amp#27;[0m&amp#27;[32m see pass register&amp#27;[0m                                               &amp#27;[90m# com.example.steps.AuthRegisSteps.clickSeePassRegister(java.lang.String)&amp#27;[0m
  &amp#27;[32mAnd &amp#27;[0m&amp#27;[32mclick &amp#27;[0m&amp#27;[32m&amp#27;[1m"ckls"&amp#27;[0m&amp#27;[32m ckls syarat&amp#27;[0m                                                    &amp#27;[90m# com.example.steps.AuthRegisSteps.clickCklsSyarat(java.lang.String)&amp#27;[0m
  &amp#27;[32mAnd &amp#27;[0m&amp#27;[32mclick buat akun&amp#27;[0m                                                             &amp#27;[90m# com.example.steps.AuthRegisSteps.clickBuatAkun()&amp#27;[0m
  &amp#27;[32mThen &amp#27;[0m&amp#27;[32mI get &amp#27;[0m&amp#27;[32m&amp#27;[1m"error email"&amp#27;[0m&amp#27;[32m result register&amp#27;[0m                                        &amp#27;[90m# com.example.steps.AuthRegisSteps.iGetResultRegister(java.lang.String)&amp#27;[0m
]]></system-out>
    <system-err><![CDATA[[main] INFO io.cucumber.core.plugin.SerenityReporter - Running feature from file:///D:/TIC/Kampus%20Merdeka/Batch%203/Studi%20Independen/Alterra/Capstone/AutoMobile/sample-mobile-automation/src/test/resources/features/math/atuhentication.feature
[main] WARN io.cucumber.core.plugin.SerenityReporter - Feature from file:///D:/TIC/Kampus%20Merdeka/Batch%203/Studi%20Independen/Alterra/Capstone/AutoMobile/sample-mobile-automation/src/test/resources/features/math/atuhentication.feature is not under the 'features' directory. Requirements report will not be correctly generated!
Dec 23, 2022 7:13:17 PM io.appium.java_client.remote.AppiumCommandExecutor$1 lambda$0
INFO: Detected dialect: W3C
]]></system-err>
  </testcase>
  <testcase name="Authentication Register #11" classname="Authentication" time="67.355">
    <system-out><![CDATA[
@Auth @Register
Scenario Outline: Authentication Register                                 &amp#27;[90m# src/test/resources/features/math/atuhentication.feature:29&amp#27;[0m
  &amp#27;[32mGiven &amp#27;[0m&amp#27;[32mi open app&amp#27;[0m                                                        &amp#27;[90m# com.example.steps.AuthRegisSteps.iOpenApp()&amp#27;[0m
  &amp#27;[32mAnd &amp#27;[0m&amp#27;[32mi am on the login page&amp#27;[0m                                              &amp#27;[90m# com.example.steps.AuthRegisSteps.iAmOnTheLoginPage()&amp#27;[0m
  &amp#27;[32mAnd &amp#27;[0m&amp#27;[32mi click link buat sekarang&amp#27;[0m                                          &amp#27;[90m# com.example.steps.AuthRegisSteps.iClickLinkBuatSekarang()&amp#27;[0m
  &amp#27;[32mWhen &amp#27;[0m&amp#27;[32mI input &amp#27;[0m&amp#27;[32m&amp#27;[1m"testing"&amp#27;[0m&amp#27;[32m fullname, &amp#27;[0m&amp#27;[32m&amp#27;[1m"12345678"&amp#27;[0m&amp#27;[32m telp, &amp#27;[0m&amp#27;[32m&amp#27;[1m""&amp#27;[0m&amp#27;[32m email, dan &amp#27;[0m&amp#27;[32m&amp#27;[1m""&amp#27;[0m&amp#27;[32m pass&amp#27;[0m &amp#27;[90m# com.example.steps.AuthRegisSteps.iInputFullnameTelpEmailDanPass(java.lang.String,java.lang.String,java.lang.String,java.lang.String)&amp#27;[0m
  &amp#27;[32mAnd &amp#27;[0m&amp#27;[32mclick &amp#27;[0m&amp#27;[32m&amp#27;[1m"no see"&amp#27;[0m&amp#27;[32m see pass register&amp#27;[0m                                    &amp#27;[90m# com.example.steps.AuthRegisSteps.clickSeePassRegister(java.lang.String)&amp#27;[0m
  &amp#27;[32mAnd &amp#27;[0m&amp#27;[32mclick &amp#27;[0m&amp#27;[32m&amp#27;[1m"no ckls"&amp#27;[0m&amp#27;[32m ckls syarat&amp#27;[0m                                         &amp#27;[90m# com.example.steps.AuthRegisSteps.clickCklsSyarat(java.lang.String)&amp#27;[0m
  &amp#27;[32mAnd &amp#27;[0m&amp#27;[32mclick buat akun&amp#27;[0m                                                     &amp#27;[90m# com.example.steps.AuthRegisSteps.clickBuatAkun()&amp#27;[0m
  &amp#27;[32mThen &amp#27;[0m&amp#27;[32mI get &amp#27;[0m&amp#27;[32m&amp#27;[1m"error pass"&amp#27;[0m&amp#27;[32m result register&amp#27;[0m                                 &amp#27;[90m# com.example.steps.AuthRegisSteps.iGetResultRegister(java.lang.String)&amp#27;[0m
]]></system-out>
    <system-err><![CDATA[[main] INFO io.cucumber.core.plugin.SerenityReporter - Running feature from file:///D:/TIC/Kampus%20Merdeka/Batch%203/Studi%20Independen/Alterra/Capstone/AutoMobile/sample-mobile-automation/src/test/resources/features/math/atuhentication.feature
[main] WARN io.cucumber.core.plugin.SerenityReporter - Feature from file:///D:/TIC/Kampus%20Merdeka/Batch%203/Studi%20Independen/Alterra/Capstone/AutoMobile/sample-mobile-automation/src/test/resources/features/math/atuhentication.feature is not under the 'features' directory. Requirements report will not be correctly generated!
Dec 23, 2022 7:14:12 PM io.appium.java_client.remote.AppiumCommandExecutor$1 lambda$0
INFO: Detected dialect: W3C
]]></system-err>
  </testcase>
  <testcase name="Authentication Register #12" classname="Authentication" time="55.761">
    <system-out><![CDATA[
@Auth @Register
Scenario Outline: Authentication Register                          &amp#27;[90m# src/test/resources/features/math/atuhentication.feature:30&amp#27;[0m
  &amp#27;[32mGiven &amp#27;[0m&amp#27;[32mi open app&amp#27;[0m                                                 &amp#27;[90m# com.example.steps.AuthRegisSteps.iOpenApp()&amp#27;[0m
  &amp#27;[32mAnd &amp#27;[0m&amp#27;[32mi am on the login page&amp#27;[0m                                       &amp#27;[90m# com.example.steps.AuthRegisSteps.iAmOnTheLoginPage()&amp#27;[0m
  &amp#27;[32mAnd &amp#27;[0m&amp#27;[32mi click link buat sekarang&amp#27;[0m                                   &amp#27;[90m# com.example.steps.AuthRegisSteps.iClickLinkBuatSekarang()&amp#27;[0m
  &amp#27;[32mWhen &amp#27;[0m&amp#27;[32mI input &amp#27;[0m&amp#27;[32m&amp#27;[1m""&amp#27;[0m&amp#27;[32m fullname, &amp#27;[0m&amp#27;[32m&amp#27;[1m"12345678"&amp#27;[0m&amp#27;[32m telp, &amp#27;[0m&amp#27;[32m&amp#27;[1m""&amp#27;[0m&amp#27;[32m email, dan &amp#27;[0m&amp#27;[32m&amp#27;[1m""&amp#27;[0m&amp#27;[32m pass&amp#27;[0m &amp#27;[90m# com.example.steps.AuthRegisSteps.iInputFullnameTelpEmailDanPass(java.lang.String,java.lang.String,java.lang.String,java.lang.String)&amp#27;[0m
  &amp#27;[32mAnd &amp#27;[0m&amp#27;[32mclick &amp#27;[0m&amp#27;[32m&amp#27;[1m"no see"&amp#27;[0m&amp#27;[32m see pass register&amp#27;[0m                             &amp#27;[90m# com.example.steps.AuthRegisSteps.clickSeePassRegister(java.lang.String)&amp#27;[0m
  &amp#27;[32mAnd &amp#27;[0m&amp#27;[32mclick &amp#27;[0m&amp#27;[32m&amp#27;[1m"no ckls"&amp#27;[0m&amp#27;[32m ckls syarat&amp#27;[0m                                  &amp#27;[90m# com.example.steps.AuthRegisSteps.clickCklsSyarat(java.lang.String)&amp#27;[0m
  &amp#27;[32mAnd &amp#27;[0m&amp#27;[32mclick buat akun&amp#27;[0m                                              &amp#27;[90m# com.example.steps.AuthRegisSteps.clickBuatAkun()&amp#27;[0m
  &amp#27;[32mThen &amp#27;[0m&amp#27;[32mI get &amp#27;[0m&amp#27;[32m&amp#27;[1m"error fullname"&amp#27;[0m&amp#27;[32m result register&amp#27;[0m                      &amp#27;[90m# com.example.steps.AuthRegisSteps.iGetResultRegister(java.lang.String)&amp#27;[0m
]]></system-out>
    <system-err><![CDATA[[main] INFO io.cucumber.core.plugin.SerenityReporter - Running feature from file:///D:/TIC/Kampus%20Merdeka/Batch%203/Studi%20Independen/Alterra/Capstone/AutoMobile/sample-mobile-automation/src/test/resources/features/math/atuhentication.feature
[main] WARN io.cucumber.core.plugin.SerenityReporter - Feature from file:///D:/TIC/Kampus%20Merdeka/Batch%203/Studi%20Independen/Alterra/Capstone/AutoMobile/sample-mobile-automation/src/test/resources/features/math/atuhentication.feature is not under the 'features' directory. Requirements report will not be correctly generated!
Dec 23, 2022 7:15:19 PM io.appium.java_client.remote.AppiumCommandExecutor$1 lambda$0
INFO: Detected dialect: W3C
]]></system-err>
  </testcase>
  <testcase name="Authentication Register #13" classname="Authentication" time="52.149">
    <system-out><![CDATA[
@Auth @Register
Scenario Outline: Authentication Register                                                    &amp#27;[90m# src/test/resources/features/math/atuhentication.feature:31&amp#27;[0m
  &amp#27;[32mGiven &amp#27;[0m&amp#27;[32mi open app&amp#27;[0m                                                                           &amp#27;[90m# com.example.steps.AuthRegisSteps.iOpenApp()&amp#27;[0m
  &amp#27;[32mAnd &amp#27;[0m&amp#27;[32mi am on the login page&amp#27;[0m                                                                 &amp#27;[90m# com.example.steps.AuthRegisSteps.iAmOnTheLoginPage()&amp#27;[0m
  &amp#27;[32mAnd &amp#27;[0m&amp#27;[32mi click link buat sekarang&amp#27;[0m                                                             &amp#27;[90m# com.example.steps.AuthRegisSteps.iClickLinkBuatSekarang()&amp#27;[0m
  &amp#27;[32mWhen &amp#27;[0m&amp#27;[32mI input &amp#27;[0m&amp#27;[32m&amp#27;[1m"testing"&amp#27;[0m&amp#27;[32m fullname, &amp#27;[0m&amp#27;[32m&amp#27;[1m"12345678"&amp#27;[0m&amp#27;[32m telp, &amp#27;[0m&amp#27;[32m&amp#27;[1m"testing20@gmail.com"&amp#27;[0m&amp#27;[32m email, dan &amp#27;[0m&amp#27;[32m&amp#27;[1m""&amp#27;[0m&amp#27;[32m pass&amp#27;[0m &amp#27;[90m# com.example.steps.AuthRegisSteps.iInputFullnameTelpEmailDanPass(java.lang.String,java.lang.String,java.lang.String,java.lang.String)&amp#27;[0m
  &amp#27;[32mAnd &amp#27;[0m&amp#27;[32mclick &amp#27;[0m&amp#27;[32m&amp#27;[1m"no see"&amp#27;[0m&amp#27;[32m see pass register&amp#27;[0m                                                       &amp#27;[90m# com.example.steps.AuthRegisSteps.clickSeePassRegister(java.lang.String)&amp#27;[0m
  &amp#27;[32mAnd &amp#27;[0m&amp#27;[32mclick &amp#27;[0m&amp#27;[32m&amp#27;[1m"ckls"&amp#27;[0m&amp#27;[32m ckls syarat&amp#27;[0m                                                               &amp#27;[90m# com.example.steps.AuthRegisSteps.clickCklsSyarat(java.lang.String)&amp#27;[0m
  &amp#27;[32mAnd &amp#27;[0m&amp#27;[32mclick buat akun&amp#27;[0m                                                                        &amp#27;[90m# com.example.steps.AuthRegisSteps.clickBuatAkun()&amp#27;[0m
  &amp#27;[32mThen &amp#27;[0m&amp#27;[32mI get &amp#27;[0m&amp#27;[32m&amp#27;[1m"error pass"&amp#27;[0m&amp#27;[32m result register&amp#27;[0m                                                    &amp#27;[90m# com.example.steps.AuthRegisSteps.iGetResultRegister(java.lang.String)&amp#27;[0m
]]></system-out>
    <system-err><![CDATA[[main] INFO io.cucumber.core.plugin.SerenityReporter - Running feature from file:///D:/TIC/Kampus%20Merdeka/Batch%203/Studi%20Independen/Alterra/Capstone/AutoMobile/sample-mobile-automation/src/test/resources/features/math/atuhentication.feature
[main] WARN io.cucumber.core.plugin.SerenityReporter - Feature from file:///D:/TIC/Kampus%20Merdeka/Batch%203/Studi%20Independen/Alterra/Capstone/AutoMobile/sample-mobile-automation/src/test/resources/features/math/atuhentication.feature is not under the 'features' directory. Requirements report will not be correctly generated!
Dec 23, 2022 7:16:14 PM io.appium.java_client.remote.AppiumCommandExecutor$1 lambda$0
INFO: Detected dialect: W3C
]]></system-err>
  </testcase>
  <testcase name="Authentication Register #14" classname="Authentication" time="96.592">
    <error type="org.openqa.selenium.TimeoutException"><![CDATA[org.openqa.selenium.TimeoutException: Expected condition failed: waiting for visibility of element located by By.AccessibilityId: Enter min. 8 digit (tried for 30 second(s) with 1000 milliseconds interval)
Caused by: org.openqa.selenium.NoSuchElementException: 
An element could not be located on the page using the given search parameters.
For documentation on this error, please visit: https://www.seleniumhq.org/exceptions/no_such_element.html
Build info: version: '3.141.59', revision: 'e82be7d358', time: '2018-11-14T08:17:03'
System info: host: 'MYLNAP', ip: '192.168.130.45', os.name: 'Windows 11', os.arch: 'amd64', os.version: '10.0', java.version: '11.0.16'
Driver info: io.appium.java_client.android.AndroidDriver
Capabilities {app: D:\TIC\Kampus Merdeka\Batch..., appPackage: com.example.geinterra_apps, automationName: UIAutomator2, databaseEnabled: false, desired: {app: D:\TIC\Kampus Merdeka\Batch..., automationName: UIAutomator2, platformName: android, platformVersion: 12, unicodeKeyboard: true}, deviceApiLevel: 31, deviceManufacturer: vivo, deviceModel: V2027, deviceName: 5c4a3aa1, deviceScreenDensity: 320, deviceScreenSize: 720x1600, deviceUDID: 5c4a3aa1, javascriptEnabled: true, locationContextEnabled: false, networkConnectionEnabled: true, pixelRatio: 2, platform: LINUX, platformName: Android, platformVersion: 12, statBarHeight: 56, takesScreenshot: true, unicodeKeyboard: true, viewportRect: {height: 1414, left: 0, top: 56, width: 720}, warnings: {}, webStorageEnabled: false}
Session ID: 6e11a5a1-eec7-4f19-899f-88181663cb69
*** Element info: {Using=accessibility id, value=Enter min. 8 digit}
]]></error>
    <system-out><![CDATA[
@Auth @Register
Scenario Outline: Authentication Register                                                             &amp#27;[90m# src/test/resources/features/math/atuhentication.feature:32&amp#27;[0m
  &amp#27;[32mGiven &amp#27;[0m&amp#27;[32mi open app&amp#27;[0m                                                                                    &amp#27;[90m# com.example.steps.AuthRegisSteps.iOpenApp()&amp#27;[0m
  &amp#27;[32mAnd &amp#27;[0m&amp#27;[32mi am on the login page&amp#27;[0m                                                                          &amp#27;[90m# com.example.steps.AuthRegisSteps.iAmOnTheLoginPage()&amp#27;[0m
  &amp#27;[32mAnd &amp#27;[0m&amp#27;[32mi click link buat sekarang&amp#27;[0m                                                                      &amp#27;[90m# com.example.steps.AuthRegisSteps.iClickLinkBuatSekarang()&amp#27;[0m
  &amp#27;[32mWhen &amp#27;[0m&amp#27;[32mI input &amp#27;[0m&amp#27;[32m&amp#27;[1m"testing"&amp#27;[0m&amp#27;[32m fullname, &amp#27;[0m&amp#27;[32m&amp#27;[1m"123456abc"&amp#27;[0m&amp#27;[32m telp, &amp#27;[0m&amp#27;[32m&amp#27;[1m"testing20@gmail.com"&amp#27;[0m&amp#27;[32m email, dan &amp#27;[0m&amp#27;[32m&amp#27;[1m"password"&amp#27;[0m&amp#27;[32m pass&amp#27;[0m &amp#27;[90m# com.example.steps.AuthRegisSteps.iInputFullnameTelpEmailDanPass(java.lang.String,java.lang.String,java.lang.String,java.lang.String)&amp#27;[0m
  &amp#27;[32mAnd &amp#27;[0m&amp#27;[32mclick &amp#27;[0m&amp#27;[32m&amp#27;[1m"see"&amp#27;[0m&amp#27;[32m see pass register&amp#27;[0m                                                                   &amp#27;[90m# com.example.steps.AuthRegisSteps.clickSeePassRegister(java.lang.String)&amp#27;[0m
  &amp#27;[32mAnd &amp#27;[0m&amp#27;[32mclick &amp#27;[0m&amp#27;[32m&amp#27;[1m"ckls"&amp#27;[0m&amp#27;[32m ckls syarat&amp#27;[0m                                                                        &amp#27;[90m# com.example.steps.AuthRegisSteps.clickCklsSyarat(java.lang.String)&amp#27;[0m
  &amp#27;[32mAnd &amp#27;[0m&amp#27;[32mclick buat akun&amp#27;[0m                                                                                 &amp#27;[90m# com.example.steps.AuthRegisSteps.clickBuatAkun()&amp#27;[0m
  &amp#27;[31mThen &amp#27;[0m&amp#27;[31mI get &amp#27;[0m&amp#27;[31m&amp#27;[1m"error notelp"&amp#27;[0m&amp#27;[31m result register&amp#27;[0m                                                           &amp#27;[90m# com.example.steps.AuthRegisSteps.iGetResultRegister(java.lang.String)&amp#27;[0m
      &amp#27;[31morg.openqa.selenium.TimeoutException: Expected condition failed: waiting for visibility of element located by By.AccessibilityId: Enter min. 8 digit (tried for 30 second(s) with 1000 milliseconds interval)
	at org.openqa.selenium.support.ui.WebDriverWait.timeoutException(WebDriverWait.java:95)
	at org.openqa.selenium.support.ui.FluentWait.until(FluentWait.java:272)
	at sample.mobile.automation@1.0-SNAPSHOT/com.example.app.base.BasePageObject.find(BasePageObject.java:29)
	at sample.mobile.automation@1.0-SNAPSHOT/com.example.app.base.BasePageObject.isDisplayed(BasePageObject.java:46)
	at sample.mobile.automation@1.0-SNAPSHOT/com.example.app.page.AuthRegisterPage.setErrNoTelp(AuthRegisterPage.java:67)
	at sample.mobile.automation@1.0-SNAPSHOT/com.example.steps.AuthRegisSteps.iGetResultRegister(AuthRegisSteps.java:79)
	at âœ½.I get "error notelp" result register(file:///D:/TIC/Kampus%20Merdeka/Batch%203/Studi%20Independen/Alterra/Capstone/AutoMobile/sample-mobile-automation/src/test/resources/features/math/atuhentication.feature:16)
Caused by: org.openqa.selenium.NoSuchElementException: An element could not be located on the page using the given search parameters.
For documentation on this error, please visit: https://www.seleniumhq.org/exceptions/no_such_element.html
Build info: version: '3.141.59', revision: 'e82be7d358', time: '2018-11-14T08:17:03'
System info: host: 'MYLNAP', ip: '192.168.130.45', os.name: 'Windows 11', os.arch: 'amd64', os.version: '10.0', java.version: '11.0.16'
Driver info: io.appium.java_client.android.AndroidDriver
Capabilities {app: D:\TIC\Kampus Merdeka\Batch..., appPackage: com.example.geinterra_apps, automationName: UIAutomator2, databaseEnabled: false, desired: {app: D:\TIC\Kampus Merdeka\Batch..., automationName: UIAutomator2, platformName: android, platformVersion: 12, unicodeKeyboard: true}, deviceApiLevel: 31, deviceManufacturer: vivo, deviceModel: V2027, deviceName: 5c4a3aa1, deviceScreenDensity: 320, deviceScreenSize: 720x1600, deviceUDID: 5c4a3aa1, javascriptEnabled: true, locationContextEnabled: false, networkConnectionEnabled: true, pixelRatio: 2, platform: LINUX, platformName: Android, platformVersion: 12, statBarHeight: 56, takesScreenshot: true, unicodeKeyboard: true, viewportRect: {height: 1414, left: 0, top: 56, width: 720}, warnings: {}, webStorageEnabled: false}
Session ID: 6e11a5a1-eec7-4f19-899f-88181663cb69
*** Element info: {Using=accessibility id, value=Enter min. 8 digit}
	at jdk.internal.reflect.GeneratedConstructorAccessor11.newInstance(Unknown Source)
	at java.base/jdk.internal.reflect.DelegatingConstructorAccessorImpl.newInstance(DelegatingConstructorAccessorImpl.java:45)
	at java.base/java.lang.reflect.Constructor.newInstance(Constructor.java:490)
	at org.openqa.selenium.remote.http.W3CHttpResponseCodec.createException(W3CHttpResponseCodec.java:187)
	at org.openqa.selenium.remote.http.W3CHttpResponseCodec.decode(W3CHttpResponseCodec.java:122)
	at org.openqa.selenium.remote.http.W3CHttpResponseCodec.decode(W3CHttpResponseCodec.java:49)
	at org.openqa.selenium.remote.HttpCommandExecutor.execute(HttpCommandExecutor.java:158)
	at io.appium.java_client.remote.AppiumCommandExecutor.execute(AppiumCommandExecutor.java:250)
	at org.openqa.selenium.remote.RemoteWebDriver.execute(RemoteWebDriver.java:552)
	at io.appium.java_client.DefaultGenericMobileDriver.execute(DefaultGenericMobileDriver.java:41)
	at io.appium.java_client.AppiumDriver.execute(AppiumDriver.java:1)
	at io.appium.java_client.android.AndroidDriver.execute(AndroidDriver.java:1)
	at org.openqa.selenium.remote.RemoteWebDriver.findElement(RemoteWebDriver.java:323)
	at io.appium.java_client.DefaultGenericMobileDriver.findElement(DefaultGenericMobileDriver.java:61)
	at io.appium.java_client.AppiumDriver.findElement(AppiumDriver.java:1)
	at io.appium.java_client.android.AndroidDriver.findElement(AndroidDriver.java:1)
	at io.appium.java_client.FindsByAccessibilityId.findElementByAccessibilityId(FindsByAccessibilityId.java:37)
	at io.appium.java_client.MobileBy$ByAccessibilityId.findElement(MobileBy.java:284)
	at org.openqa.selenium.remote.RemoteWebDriver.findElement(RemoteWebDriver.java:315)
	at io.appium.java_client.DefaultGenericMobileDriver.findElement(DefaultGenericMobileDriver.java:57)
	at io.appium.java_client.AppiumDriver.findElement(AppiumDriver.java:1)
	at io.appium.java_client.android.AndroidDriver.findElement(AndroidDriver.java:1)
	at org.openqa.selenium.support.ui.ExpectedConditions$7.apply(ExpectedConditions.java:205)
	at org.openqa.selenium.support.ui.ExpectedConditions$7.apply(ExpectedConditions.java:201)
	at org.openqa.selenium.support.ui.FluentWait.until(FluentWait.java:249)
	at sample.mobile.automation@1.0-SNAPSHOT/com.example.app.base.BasePageObject.find(BasePageObject.java:29)
	at sample.mobile.automation@1.0-SNAPSHOT/com.example.app.base.BasePageObject.isDisplayed(BasePageObject.java:46)
	at sample.mobile.automation@1.0-SNAPSHOT/com.example.app.page.AuthRegisterPage.setErrNoTelp(AuthRegisterPage.java:67)
	at sample.mobile.automation@1.0-SNAPSHOT/com.example.steps.AuthRegisSteps.iGetResultRegister(AuthRegisSteps.java:79)
	at java.base/jdk.internal.reflect.NativeMethodAccessorImpl.invoke0(Native Method)
	at java.base/jdk.internal.reflect.NativeMethodAccessorImpl.invoke(NativeMethodAccessorImpl.java:62)
	at java.base/jdk.internal.reflect.DelegatingMethodAccessorImpl.invoke(DelegatingMethodAccessorImpl.java:43)
	at java.base/java.lang.reflect.Method.invoke(Method.java:566)
	at io.cucumber.java.Invoker.doInvoke(Invoker.java:66)
	at io.cucumber.java.Invoker.invoke(Invoker.java:24)
	at io.cucumber.java.AbstractGlueDefinition.invokeMethod(AbstractGlueDefinition.java:47)
	at io.cucumber.java.JavaStepDefinition.execute(JavaStepDefinition.java:29)
	at io.cucumber.core.runner.CoreStepDefinition.execute(CoreStepDefinition.java:66)
	at io.cucumber.core.runner.PickleStepDefinitionMatch.runStep(PickleStepDefinitionMatch.java:63)
	at io.cucumber.core.runner.TestStep.executeStep(TestStep.java:92)
	at io.cucumber.core.runner.TestStep.run(TestStep.java:63)
	at io.cucumber.core.runner.PickleStepTestStep.run(PickleStepTestStep.java:49)
	at io.cucumber.core.runner.TestCase.run(TestCase.java:99)
	at io.cucumber.core.runner.Runner.runPickle(Runner.java:71)
	at io.cucumber.junit.PickleRunners$NoStepDescriptions.run(PickleRunners.java:151)
	at io.cucumber.junit.FeatureRunner.runChild(FeatureRunner.java:135)
	at io.cucumber.junit.FeatureRunner.runChild(FeatureRunner.java:27)
	at org.junit.runners.ParentRunner$3.run(ParentRunner.java:290)
	at org.junit.runners.ParentRunner$1.schedule(ParentRunner.java:71)
	at org.junit.runners.ParentRunner.runChildren(ParentRunner.java:288)
	at org.junit.runners.ParentRunner.access$000(ParentRunner.java:58)
	at org.junit.runners.ParentRunner$2.evaluate(ParentRunner.java:268)
	at org.junit.runners.ParentRunner.run(ParentRunner.java:363)
	at io.cucumber.junit.CucumberSerenityRunner.runChild(CucumberSerenityRunner.java:234)
	at io.cucumber.junit.CucumberSerenityRunner.runChild(CucumberSerenityRunner.java:57)
	at org.junit.runners.ParentRunner$3.run(ParentRunner.java:290)
	at org.junit.runners.ParentRunner$1.schedule(ParentRunner.java:71)
	at org.junit.runners.ParentRunner.runChildren(ParentRunner.java:288)
	at org.junit.runners.ParentRunner.access$000(ParentRunner.java:58)
	at org.junit.runners.ParentRunner$2.evaluate(ParentRunner.java:268)
	at io.cucumber.junit.CucumberSerenityRunner$RunCucumber.evaluate(CucumberSerenityRunner.java:262)
	at org.junit.runners.ParentRunner.run(ParentRunner.java:363)
	at org.junit.runner.JUnitCore.run(JUnitCore.java:137)
	at org.junit.runner.JUnitCore.run(JUnitCore.java:115)
	at org.junit.vintage.engine.execution.RunnerExecutor.execute(RunnerExecutor.java:40)
	at java.base/java.util.stream.ForEachOps$ForEachOp$OfRef.accept(ForEachOps.java:183)
	at java.base/java.util.stream.ReferencePipeline$3$1.accept(ReferencePipeline.java:195)
	at java.base/java.util.Iterator.forEachRemaining(Iterator.java:133)
	at java.base/java.util.Spliterators$IteratorSpliterator.forEachRemaining(Spliterators.java:1801)
	at java.base/java.util.stream.AbstractPipeline.copyInto(AbstractPipeline.java:484)
	at java.base/java.util.stream.AbstractPipeline.wrapAndCopyInto(AbstractPipeline.java:474)
	at java.base/java.util.stream.ForEachOps$ForEachOp.evaluateSequential(ForEachOps.java:150)
	at java.base/java.util.stream.ForEachOps$ForEachOp$OfRef.evaluateSequential(ForEachOps.java:173)
	at java.base/java.util.stream.AbstractPipeline.evaluate(AbstractPipeline.java:234)
	at java.base/java.util.stream.ReferencePipeline.forEach(ReferencePipeline.java:497)
	at org.junit.vintage.engine.VintageTestEngine.executeAllChildren(VintageTestEngine.java:80)
	at org.junit.vintage.engine.VintageTestEngine.execute(VintageTestEngine.java:71)
	at org.junit.platform.launcher.core.DefaultLauncher.execute(DefaultLauncher.java:229)
	at org.junit.platform.launcher.core.DefaultLauncher.lambda$execute$6(DefaultLauncher.java:197)
	at org.junit.platform.launcher.core.DefaultLauncher.withInterceptedStreams(DefaultLauncher.java:211)
	at org.junit.platform.launcher.core.DefaultLauncher.execute(DefaultLauncher.java:191)
	at org.junit.platform.launcher.core.DefaultLauncher.execute(DefaultLauncher.java:128)
	at org.apache.maven.surefire.junitplatform.JUnitPlatformProvider.execute(JUnitPlatformProvider.java:188)
	at org.apache.maven.surefire.junitplatform.JUnitPlatformProvider.invokeAllTests(JUnitPlatformProvider.java:154)
	at org.apache.maven.surefire.junitplatform.JUnitPlatformProvider.invoke(JUnitPlatformProvider.java:128)
	at org.apache.maven.surefire.booter.ForkedBooter.runSuitesInProcess(ForkedBooter.java:428)
	at org.apache.maven.surefire.booter.ForkedBooter.execute(ForkedBooter.java:162)
	at org.apache.maven.surefire.booter.ForkedBooter.run(ForkedBooter.java:562)
	at org.apache.maven.surefire.booter.ForkedBooter.main(ForkedBooter.java:548)
&amp#27;[0m
]]></system-out>
    <system-err><![CDATA[[main] INFO io.cucumber.core.plugin.SerenityReporter - Running feature from file:///D:/TIC/Kampus%20Merdeka/Batch%203/Studi%20Independen/Alterra/Capstone/AutoMobile/sample-mobile-automation/src/test/resources/features/math/atuhentication.feature
[main] WARN io.cucumber.core.plugin.SerenityReporter - Feature from file:///D:/TIC/Kampus%20Merdeka/Batch%203/Studi%20Independen/Alterra/Capstone/AutoMobile/sample-mobile-automation/src/test/resources/features/math/atuhentication.feature is not under the 'features' directory. Requirements report will not be correctly generated!
Dec 23, 2022 7:17:15 PM io.appium.java_client.remote.AppiumCommandExecutor$1 lambda$0
INFO: Detected dialect: W3C
]]></system-err>
  </testcase>
  <testcase name="Authentication Login #1" classname="Authentication" time="77.18">
    <error type="org.openqa.selenium.WebDriverException"><![CDATA[org.openqa.selenium.WebDriverException: 
An unknown server-side error occurred while processing the command. Original error: Could not proxy command to the remote server. Original error: socket hang up
Build info: version: '3.141.59', revision: 'e82be7d358', time: '2018-11-14T08:17:03'
System info: host: 'MYLNAP', ip: '192.168.130.45', os.name: 'Windows 11', os.arch: 'amd64', os.version: '10.0', java.version: '11.0.16'
Driver info: io.appium.java_client.android.AndroidDriver
Capabilities {app: D:\TIC\Kampus Merdeka\Batch..., appPackage: com.example.geinterra_apps, automationName: UIAutomator2, databaseEnabled: false, desired: {app: D:\TIC\Kampus Merdeka\Batch..., automationName: UIAutomator2, platformName: android, platformVersion: 12, unicodeKeyboard: true}, deviceApiLevel: 31, deviceManufacturer: vivo, deviceModel: V2027, deviceName: 5c4a3aa1, deviceScreenDensity: 320, deviceScreenSize: 720x1600, deviceUDID: 5c4a3aa1, javascriptEnabled: true, locationContextEnabled: false, networkConnectionEnabled: true, pixelRatio: 2, platform: LINUX, platformName: Android, platformVersion: 12, statBarHeight: 56, takesScreenshot: true, unicodeKeyboard: true, viewportRect: {height: 1414, left: 0, top: 56, width: 720}, warnings: {}, webStorageEnabled: false}
Session ID: d0023170-79d3-415b-a055-ef26ff3b7484
*** Element info: {Using=accessibility id, value=Artikel}
]]></error>
    <system-out><![CDATA[
@Auth @Login
Scenario Outline: Authentication Login                          &amp#27;[90m# src/test/resources/features/math/atuhentication.feature:44&amp#27;[0m
  &amp#27;[32mGiven &amp#27;[0m&amp#27;[32mi open app&amp#27;[0m                                              &amp#27;[90m# com.example.steps.AuthRegisSteps.iOpenApp()&amp#27;[0m
  &amp#27;[32mAnd &amp#27;[0m&amp#27;[32mi am on the login page&amp#27;[0m                                    &amp#27;[90m# com.example.steps.AuthRegisSteps.iAmOnTheLoginPage()&amp#27;[0m
  &amp#27;[32mWhen &amp#27;[0m&amp#27;[32minput &amp#27;[0m&amp#27;[32m&amp#27;[1m"maylananggi@gmail.com"&amp#27;[0m&amp#27;[32m email, &amp#27;[0m&amp#27;[32m&amp#27;[1m"password"&amp#27;[0m&amp#27;[32m password&amp#27;[0m &amp#27;[90m# com.example.steps.AuthLoginSteps.inputEmailPassword(java.lang.String,java.lang.String)&amp#27;[0m
  &amp#27;[32mAnd &amp#27;[0m&amp#27;[32mclick &amp#27;[0m&amp#27;[32m&amp#27;[1m"see"&amp#27;[0m&amp#27;[32m see pass login&amp#27;[0m                                &amp#27;[90m# com.example.steps.AuthLoginSteps.clickSeePassLogin(java.lang.String)&amp#27;[0m
  &amp#27;[32mAnd &amp#27;[0m&amp#27;[32mclick button masuk&amp#27;[0m                                        &amp#27;[90m# com.example.steps.AuthLoginSteps.clickButtonMasuk()&amp#27;[0m
  &amp#27;[31mThen &amp#27;[0m&amp#27;[31mI get &amp#27;[0m&amp#27;[31m&amp#27;[1m"can login"&amp#27;[0m&amp#27;[31m result login&amp#27;[0m                           &amp#27;[90m# com.example.steps.AuthLoginSteps.iGetResultLogin(java.lang.String)&amp#27;[0m
      &amp#27;[31morg.openqa.selenium.WebDriverException: An unknown server-side error occurred while processing the command. Original error: Could not proxy command to the remote server. Original error: socket hang up
Build info: version: '3.141.59', revision: 'e82be7d358', time: '2018-11-14T08:17:03'
System info: host: 'MYLNAP', ip: '192.168.130.45', os.name: 'Windows 11', os.arch: 'amd64', os.version: '10.0', java.version: '11.0.16'
Driver info: io.appium.java_client.android.AndroidDriver
Capabilities {app: D:\TIC\Kampus Merdeka\Batch..., appPackage: com.example.geinterra_apps, automationName: UIAutomator2, databaseEnabled: false, desired: {app: D:\TIC\Kampus Merdeka\Batch..., automationName: UIAutomator2, platformName: android, platformVersion: 12, unicodeKeyboard: true}, deviceApiLevel: 31, deviceManufacturer: vivo, deviceModel: V2027, deviceName: 5c4a3aa1, deviceScreenDensity: 320, deviceScreenSize: 720x1600, deviceUDID: 5c4a3aa1, javascriptEnabled: true, locationContextEnabled: false, networkConnectionEnabled: true, pixelRatio: 2, platform: LINUX, platformName: Android, platformVersion: 12, statBarHeight: 56, takesScreenshot: true, unicodeKeyboard: true, viewportRect: {height: 1414, left: 0, top: 56, width: 720}, warnings: {}, webStorageEnabled: false}
Session ID: d0023170-79d3-415b-a055-ef26ff3b7484
*** Element info: {Using=accessibility id, value=Artikel}
	at java.base/jdk.internal.reflect.NativeConstructorAccessorImpl.newInstance0(Native Method)
	at java.base/jdk.internal.reflect.NativeConstructorAccessorImpl.newInstance(NativeConstructorAccessorImpl.java:62)
	at java.base/jdk.internal.reflect.DelegatingConstructorAccessorImpl.newInstance(DelegatingConstructorAccessorImpl.java:45)
	at java.base/java.lang.reflect.Constructor.newInstance(Constructor.java:490)
	at org.openqa.selenium.remote.http.W3CHttpResponseCodec.createException(W3CHttpResponseCodec.java:187)
	at org.openqa.selenium.remote.http.W3CHttpResponseCodec.decode(W3CHttpResponseCodec.java:122)
	at org.openqa.selenium.remote.http.W3CHttpResponseCodec.decode(W3CHttpResponseCodec.java:49)
	at org.openqa.selenium.remote.HttpCommandExecutor.execute(HttpCommandExecutor.java:158)
	at io.appium.java_client.remote.AppiumCommandExecutor.execute(AppiumCommandExecutor.java:250)
	at org.openqa.selenium.remote.RemoteWebDriver.execute(RemoteWebDriver.java:552)
	at io.appium.java_client.DefaultGenericMobileDriver.execute(DefaultGenericMobileDriver.java:41)
	at io.appium.java_client.AppiumDriver.execute(AppiumDriver.java:1)
	at io.appium.java_client.android.AndroidDriver.execute(AndroidDriver.java:1)
	at org.openqa.selenium.remote.RemoteWebDriver.findElement(RemoteWebDriver.java:323)
	at io.appium.java_client.DefaultGenericMobileDriver.findElement(DefaultGenericMobileDriver.java:61)
	at io.appium.java_client.AppiumDriver.findElement(AppiumDriver.java:1)
	at io.appium.java_client.android.AndroidDriver.findElement(AndroidDriver.java:1)
	at io.appium.java_client.FindsByAccessibilityId.findElementByAccessibilityId(FindsByAccessibilityId.java:37)
	at io.appium.java_client.MobileBy$ByAccessibilityId.findElement(MobileBy.java:284)
	at org.openqa.selenium.remote.RemoteWebDriver.findElement(RemoteWebDriver.java:315)
	at io.appium.java_client.DefaultGenericMobileDriver.findElement(DefaultGenericMobileDriver.java:57)
	at io.appium.java_client.AppiumDriver.findElement(AppiumDriver.java:1)
	at io.appium.java_client.android.AndroidDriver.findElement(AndroidDriver.java:1)
	at org.openqa.selenium.support.ui.ExpectedConditions$7.apply(ExpectedConditions.java:205)
	at org.openqa.selenium.support.ui.ExpectedConditions$7.apply(ExpectedConditions.java:201)
	at org.openqa.selenium.support.ui.FluentWait.until(FluentWait.java:249)
	at sample.mobile.automation@1.0-SNAPSHOT/com.example.app.base.BasePageObject.find(BasePageObject.java:29)
	at sample.mobile.automation@1.0-SNAPSHOT/com.example.app.base.BasePageObject.isDisplayed(BasePageObject.java:46)
	at sample.mobile.automation@1.0-SNAPSHOT/com.example.app.page.AuthLoginPage.setHome(AuthLoginPage.java:32)
	at sample.mobile.automation@1.0-SNAPSHOT/com.example.steps.AuthLoginSteps.iGetResultLogin(AuthLoginSteps.java:37)
	at âœ½.I get "can login" result login(file:///D:/TIC/Kampus%20Merdeka/Batch%203/Studi%20Independen/Alterra/Capstone/AutoMobile/sample-mobile-automation/src/test/resources/features/math/atuhentication.feature:41)
&amp#27;[0m
]]></system-out>
    <system-err><![CDATA[[main] INFO io.cucumber.core.plugin.SerenityReporter - Running feature from file:///D:/TIC/Kampus%20Merdeka/Batch%203/Studi%20Independen/Alterra/Capstone/AutoMobile/sample-mobile-automation/src/test/resources/features/math/atuhentication.feature
[main] WARN io.cucumber.core.plugin.SerenityReporter - Feature from file:///D:/TIC/Kampus%20Merdeka/Batch%203/Studi%20Independen/Alterra/Capstone/AutoMobile/sample-mobile-automation/src/test/resources/features/math/atuhentication.feature is not under the 'features' directory. Requirements report will not be correctly generated!
[main] INFO  - 
 _____ _____ ____ _____   ____ _____  _    ____ _____ _____ ____  
|_   _| ____/ ___|_   _| / ___|_   _|/ \  |  _ \_   _| ____|  _ \ 
  | | |  _| \___ \ | |   \___ \ | | / _ \ | |_) || | |  _| | | | |
  | | | |___ ___) || |    ___) || |/ ___ \|  _ < | | | |___| |_| |
  |_| |_____|____/ |_|   |____/ |_/_/   \_\_| \_\|_| |_____|____/ 

Authentication Login(authentication;authentication-login)
-------------------------------------------------------------------
Dec 23, 2022 7:18:45 PM io.appium.java_client.remote.AppiumCommandExecutor$1 lambda$0
INFO: Detected dialect: W3C
[main] ERROR  - 
         __  _____ _____ ____ _____   _____ ____  ____   ___  ____  
 _      / / |_   _| ____/ ___|_   _| | ____|  _ \|  _ \ / _ \|  _ \ 
(_)____| |    | | |  _| \___ \ | |   |  _| | |_) | |_) | | | | |_) |
 |_____| |    | | | |___ ___) || |   | |___|  _ <|  _ <| |_| |  _ < 
(_)    | |    |_| |_____|____/ |_|   |_____|_| \_\_| \_\\___/|_| \_\
        \_\                                                         

Authentication Login
---------------------------------------------------------------------
[main] ERROR  -     Test failed at step: Then I get "can login" result login
[main] ERROR  -     An unknown server-side error occurred while processing the command. Original error: Could not proxy command to the remote server. Original error: socket hang up
]]></system-err>
  </testcase>
  <testcase name="Authentication Login #2" classname="Authentication" time="46.119">
    <system-out><![CDATA[
@Auth @Login
Scenario Outline: Authentication Login                  &amp#27;[90m# src/test/resources/features/math/atuhentication.feature:45&amp#27;[0m
  &amp#27;[32mGiven &amp#27;[0m&amp#27;[32mi open app&amp#27;[0m                                      &amp#27;[90m# com.example.steps.AuthRegisSteps.iOpenApp()&amp#27;[0m
  &amp#27;[32mAnd &amp#27;[0m&amp#27;[32mi am on the login page&amp#27;[0m                            &amp#27;[90m# com.example.steps.AuthRegisSteps.iAmOnTheLoginPage()&amp#27;[0m
  &amp#27;[32mWhen &amp#27;[0m&amp#27;[32minput &amp#27;[0m&amp#27;[32m&amp#27;[1m"maylananggi@gmail.com"&amp#27;[0m&amp#27;[32m email, &amp#27;[0m&amp#27;[32m&amp#27;[1m""&amp#27;[0m&amp#27;[32m password&amp#27;[0m &amp#27;[90m# com.example.steps.AuthLoginSteps.inputEmailPassword(java.lang.String,java.lang.String)&amp#27;[0m
  &amp#27;[32mAnd &amp#27;[0m&amp#27;[32mclick &amp#27;[0m&amp#27;[32m&amp#27;[1m"no see"&amp#27;[0m&amp#27;[32m see pass login&amp#27;[0m                     &amp#27;[90m# com.example.steps.AuthLoginSteps.clickSeePassLogin(java.lang.String)&amp#27;[0m
  &amp#27;[32mAnd &amp#27;[0m&amp#27;[32mclick button masuk&amp#27;[0m                                &amp#27;[90m# com.example.steps.AuthLoginSteps.clickButtonMasuk()&amp#27;[0m
  &amp#27;[32mThen &amp#27;[0m&amp#27;[32mI get &amp#27;[0m&amp#27;[32m&amp#27;[1m"error pass"&amp#27;[0m&amp#27;[32m result login&amp#27;[0m                  &amp#27;[90m# com.example.steps.AuthLoginSteps.iGetResultLogin(java.lang.String)&amp#27;[0m
]]></system-out>
    <system-err><![CDATA[[main] INFO io.cucumber.core.plugin.SerenityReporter - Running feature from file:///D:/TIC/Kampus%20Merdeka/Batch%203/Studi%20Independen/Alterra/Capstone/AutoMobile/sample-mobile-automation/src/test/resources/features/math/atuhentication.feature
[main] WARN io.cucumber.core.plugin.SerenityReporter - Feature from file:///D:/TIC/Kampus%20Merdeka/Batch%203/Studi%20Independen/Alterra/Capstone/AutoMobile/sample-mobile-automation/src/test/resources/features/math/atuhentication.feature is not under the 'features' directory. Requirements report will not be correctly generated!
Dec 23, 2022 7:20:00 PM io.appium.java_client.remote.AppiumCommandExecutor$1 lambda$0
INFO: Detected dialect: W3C
[main] ERROR  - 
         __  _____ _____ ____ _____   _____ ____  ____   ___  ____  
 _      / / |_   _| ____/ ___|_   _| | ____|  _ \|  _ \ / _ \|  _ \ 
(_)____| |    | | |  _| \___ \ | |   |  _| | |_) | |_) | | | | |_) |
 |_____| |    | | | |___ ___) || |   | |___|  _ <|  _ <| |_| |  _ < 
(_)    | |    |_| |_____|____/ |_|   |_____|_| \_\_| \_\\___/|_| \_\
        \_\                                                         

Authentication Login
---------------------------------------------------------------------
[main] ERROR  -     Test failed at step: Then I get "can login" result login
[main] ERROR  -     An unknown server-side error occurred while processing the command. Original error: Could not proxy command to the remote server. Original error: socket hang up
]]></system-err>
  </testcase>
  <testcase name="Authentication Login #3" classname="Authentication" time="49.599">
    <system-out><![CDATA[
@Auth @Login
Scenario Outline: Authentication Login     &amp#27;[90m# src/test/resources/features/math/atuhentication.feature:46&amp#27;[0m
  &amp#27;[32mGiven &amp#27;[0m&amp#27;[32mi open app&amp#27;[0m                         &amp#27;[90m# com.example.steps.AuthRegisSteps.iOpenApp()&amp#27;[0m
  &amp#27;[32mAnd &amp#27;[0m&amp#27;[32mi am on the login page&amp#27;[0m               &amp#27;[90m# com.example.steps.AuthRegisSteps.iAmOnTheLoginPage()&amp#27;[0m
  &amp#27;[32mWhen &amp#27;[0m&amp#27;[32minput &amp#27;[0m&amp#27;[32m&amp#27;[1m""&amp#27;[0m&amp#27;[32m email, &amp#27;[0m&amp#27;[32m&amp#27;[1m"password"&amp#27;[0m&amp#27;[32m password&amp#27;[0m &amp#27;[90m# com.example.steps.AuthLoginSteps.inputEmailPassword(java.lang.String,java.lang.String)&amp#27;[0m
  &amp#27;[32mAnd &amp#27;[0m&amp#27;[32mclick &amp#27;[0m&amp#27;[32m&amp#27;[1m"see"&amp#27;[0m&amp#27;[32m see pass login&amp#27;[0m           &amp#27;[90m# com.example.steps.AuthLoginSteps.clickSeePassLogin(java.lang.String)&amp#27;[0m
  &amp#27;[32mAnd &amp#27;[0m&amp#27;[32mclick button masuk&amp#27;[0m                   &amp#27;[90m# com.example.steps.AuthLoginSteps.clickButtonMasuk()&amp#27;[0m
  &amp#27;[32mThen &amp#27;[0m&amp#27;[32mI get &amp#27;[0m&amp#27;[32m&amp#27;[1m"error email"&amp#27;[0m&amp#27;[32m result login&amp#27;[0m    &amp#27;[90m# com.example.steps.AuthLoginSteps.iGetResultLogin(java.lang.String)&amp#27;[0m
]]></system-out>
    <system-err><![CDATA[[main] INFO io.cucumber.core.plugin.SerenityReporter - Running feature from file:///D:/TIC/Kampus%20Merdeka/Batch%203/Studi%20Independen/Alterra/Capstone/AutoMobile/sample-mobile-automation/src/test/resources/features/math/atuhentication.feature
[main] WARN io.cucumber.core.plugin.SerenityReporter - Feature from file:///D:/TIC/Kampus%20Merdeka/Batch%203/Studi%20Independen/Alterra/Capstone/AutoMobile/sample-mobile-automation/src/test/resources/features/math/atuhentication.feature is not under the 'features' directory. Requirements report will not be correctly generated!
Dec 23, 2022 7:20:43 PM io.appium.java_client.remote.AppiumCommandExecutor$1 lambda$0
INFO: Detected dialect: W3C
]]></system-err>
  </testcase>
  <testcase name="Authentication Login #4" classname="Authentication" time="60.772">
    <system-out><![CDATA[
@Auth @Login
Scenario Outline: Authentication Login    &amp#27;[90m# src/test/resources/features/math/atuhentication.feature:47&amp#27;[0m
  &amp#27;[32mGiven &amp#27;[0m&amp#27;[32mi open app&amp#27;[0m                        &amp#27;[90m# com.example.steps.AuthRegisSteps.iOpenApp()&amp#27;[0m
  &amp#27;[32mAnd &amp#27;[0m&amp#27;[32mi am on the login page&amp#27;[0m              &amp#27;[90m# com.example.steps.AuthRegisSteps.iAmOnTheLoginPage()&amp#27;[0m
  &amp#27;[32mWhen &amp#27;[0m&amp#27;[32minput &amp#27;[0m&amp#27;[32m&amp#27;[1m""&amp#27;[0m&amp#27;[32m email, &amp#27;[0m&amp#27;[32m&amp#27;[1m"akun201"&amp#27;[0m&amp#27;[32m password&amp#27;[0m &amp#27;[90m# com.example.steps.AuthLoginSteps.inputEmailPassword(java.lang.String,java.lang.String)&amp#27;[0m
  &amp#27;[32mAnd &amp#27;[0m&amp#27;[32mclick &amp#27;[0m&amp#27;[32m&amp#27;[1m"see"&amp#27;[0m&amp#27;[32m see pass login&amp#27;[0m          &amp#27;[90m# com.example.steps.AuthLoginSteps.clickSeePassLogin(java.lang.String)&amp#27;[0m
  &amp#27;[32mAnd &amp#27;[0m&amp#27;[32mclick button masuk&amp#27;[0m                  &amp#27;[90m# com.example.steps.AuthLoginSteps.clickButtonMasuk()&amp#27;[0m
  &amp#27;[32mThen &amp#27;[0m&amp#27;[32mI get &amp#27;[0m&amp#27;[32m&amp#27;[1m"error email"&amp#27;[0m&amp#27;[32m result login&amp#27;[0m   &amp#27;[90m# com.example.steps.AuthLoginSteps.iGetResultLogin(java.lang.String)&amp#27;[0m
]]></system-out>
    <system-err><![CDATA[[main] INFO io.cucumber.core.plugin.SerenityReporter - Running feature from file:///D:/TIC/Kampus%20Merdeka/Batch%203/Studi%20Independen/Alterra/Capstone/AutoMobile/sample-mobile-automation/src/test/resources/features/math/atuhentication.feature
[main] WARN io.cucumber.core.plugin.SerenityReporter - Feature from file:///D:/TIC/Kampus%20Merdeka/Batch%203/Studi%20Independen/Alterra/Capstone/AutoMobile/sample-mobile-automation/src/test/resources/features/math/atuhentication.feature is not under the 'features' directory. Requirements report will not be correctly generated!
Dec 23, 2022 7:21:39 PM io.appium.java_client.remote.AppiumCommandExecutor$1 lambda$0
INFO: Detected dialect: W3C
]]></system-err>
  </testcase>
[...]
[main] WARN io.cucumber.core.plugin.SerenityReporter - Feature from file:///D:/TIC/Kampus%20Merdeka/Batch%203/Studi%20Independen/Alterra/Capstone/AutoMobile/sample-mobile-automation/src/test/resources/features/math/statusPay.feature is not under the 'features' directory. Requirements report will not be correctly generated!
[main] INFO  - 
 _____ _____ ____ _____   ____ _____  _    ____ _____ _____ ____  
|_   _| ____/ ___|_   _| / ___|_   _|/ \  |  _ \_   _| ____|  _ \ 
  | | |  _| \___ \ | |   \___ \ | | / _ \ | |_) || | |  _| | | | |
  | | | |___ ___) || |    ___) || |/ ___ \|  _ < | | | |___| |_| |
  |_| |_____|____/ |_|   |____/ |_/_/   \_\_| \_\|_| |_____|____/ 

See transaksi status Dalam Proses(bill-page;see-transaksi-status-dalam-proses)
-------------------------------------------------------------------
Dec 23, 2022 7:37:48 PM io.appium.java_client.remote.AppiumCommandExecutor$1 lambda$0
INFO: Detected dialect: W3C
[main] ERROR  - 
         __  _____ _____ ____ _____   _____ ____  ____   ___  ____  
 _      / / |_   _| ____/ ___|_   _| | ____|  _ \|  _ \ / _ \|  _ \ 
(_)____| |    | | |  _| \___ \ | |   |  _| | |_) | |_) | | | | |_) |
 |_____| |    | | | |___ ___) || |   | |___|  _ <|  _ <| |_| |  _ < 
(_)    | |    |_| |_____|____/ |_|   |_____|_| \_\_| \_\\___/|_| \_\
        \_\                                                         

See transaksi status Dalam Proses
---------------------------------------------------------------------
[main] ERROR  -     Test failed at step: Given i haved login
[main] ERROR  -     
]]></system-err>
  </testcase>
  <testcase name="See transaksi status Menunggu Konfirmasi" classname="Bill page" time="26.345">
    <error type="io.cucumber.core.exception.CucumberException"><![CDATA[io.cucumber.core.exception.CucumberException: Failed to instantiate class com.example.steps.StatusPaySteps - this class doesn't have an empty or a page enabled constructor"
Caused by: java.lang.reflect.InvocationTargetException
Caused by: java.lang.IllegalArgumentException: Must supply a not empty locator value.
]]></error>
    <system-out><![CDATA[
@aksesInvoice
Scenario: See transaksi status Menunggu Konfirmasi &amp#27;[90m# src/test/resources/features/math/statusPay.feature:27&amp#27;[0m
  &amp#27;[31mGiven &amp#27;[0m&amp#27;[31mi haved login&amp#27;[0m                              &amp#27;[90m# com.example.steps.StatusPaySteps.iHavedLogin()&amp#27;[0m
      &amp#27;[31mio.cucumber.core.exception.CucumberException: Failed to instantiate class com.example.steps.StatusPaySteps - this class doesn't have an empty or a page enabled constructor"
	at cucumber.runtime.SerenityObjectFactory.newInstance(SerenityObjectFactory.java:73)
	at cucumber.runtime.SerenityObjectFactory.cacheNewInstance(SerenityObjectFactory.java:58)
	at cucumber.runtime.SerenityObjectFactory.getInstance(SerenityObjectFactory.java:48)
	at io.cucumber.java.AbstractGlueDefinition.invokeMethod(AbstractGlueDefinition.java:47)
	at io.cucumber.java.JavaStepDefinition.execute(JavaStepDefinition.java:29)
	at io.cucumber.core.runner.CoreStepDefinition.execute(CoreStepDefinition.java:66)
	at io.cucumber.core.runner.PickleStepDefinitionMatch.runStep(PickleStepDefinitionMatch.java:63)
	at io.cucumber.core.runner.TestStep.executeStep(TestStep.java:92)
	at io.cucumber.core.runner.TestStep.run(TestStep.java:63)
	at io.cucumber.core.runner.PickleStepTestStep.run(PickleStepTestStep.java:49)
	at io.cucumber.core.runner.TestCase.run(TestCase.java:99)
	at io.cucumber.core.runner.Runner.runPickle(Runner.java:71)
	at io.cucumber.junit.PickleRunners$NoStepDescriptions.run(PickleRunners.java:151)
	at io.cucumber.junit.FeatureRunner.runChild(FeatureRunner.java:135)
	at io.cucumber.junit.FeatureRunner.runChild(FeatureRunner.java:27)
	at org.junit.runners.ParentRunner$3.run(ParentRunner.java:290)
	at org.junit.runners.ParentRunner$1.schedule(ParentRunner.java:71)
	at org.junit.runners.ParentRunner.runChildren(ParentRunner.java:288)
	at org.junit.runners.ParentRunner.access$000(ParentRunner.java:58)
	at org.junit.runners.ParentRunner$2.evaluate(ParentRunner.java:268)
	at org.junit.runners.ParentRunner.run(ParentRunner.java:363)
	at io.cucumber.junit.CucumberSerenityRunner.runChild(CucumberSerenityRunner.java:234)
	at io.cucumber.junit.CucumberSerenityRunner.runChild(CucumberSerenityRunner.java:57)
	at org.junit.runners.ParentRunner$3.run(ParentRunner.java:290)
	at org.junit.runners.ParentRunner$1.schedule(ParentRunner.java:71)
	at org.junit.runners.ParentRunner.runChildren(ParentRunner.java:288)
	at org.junit.runners.ParentRunner.access$000(ParentRunner.java:58)
	at org.junit.runners.ParentRunner$2.evaluate(ParentRunner.java:268)
	at io.cucumber.junit.CucumberSerenityRunner$RunCucumber.evaluate(CucumberSerenityRunner.java:262)
	at org.junit.runners.ParentRunner.run(ParentRunner.java:363)
	at org.junit.runner.JUnitCore.run(JUnitCore.java:137)
	at org.junit.runner.JUnitCore.run(JUnitCore.java:115)
	at org.junit.vintage.engine.execution.RunnerExecutor.execute(RunnerExecutor.java:40)
	at java.base/java.util.stream.ForEachOps$ForEachOp$OfRef.accept(ForEachOps.java:183)
	at java.base/java.util.stream.ReferencePipeline$3$1.accept(ReferencePipeline.java:195)
	at java.base/java.util.Iterator.forEachRemaining(Iterator.java:133)
	at java.base/java.util.Spliterators$IteratorSpliterator.forEachRemaining(Spliterators.java:1801)
	at java.base/java.util.stream.AbstractPipeline.copyInto(AbstractPipeline.java:484)
	at java.base/java.util.stream.AbstractPipeline.wrapAndCopyInto(AbstractPipeline.java:474)
	at java.base/java.util.stream.ForEachOps$ForEachOp.evaluateSequential(ForEachOps.java:150)
	at java.base/java.util.stream.ForEachOps$ForEachOp$OfRef.evaluateSequential(ForEachOps.java:173)
	at java.base/java.util.stream.AbstractPipeline.evaluate(AbstractPipeline.java:234)
	at java.base/java.util.stream.ReferencePipeline.forEach(ReferencePipeline.java:497)
	at org.junit.vintage.engine.VintageTestEngine.executeAllChildren(VintageTestEngine.java:80)
	at org.junit.vintage.engine.VintageTestEngine.execute(VintageTestEngine.java:71)
	at org.junit.platform.launcher.core.DefaultLauncher.execute(DefaultLauncher.java:229)
	at org.junit.platform.launcher.core.DefaultLauncher.lambda$execute$6(DefaultLauncher.java:197)
	at org.junit.platform.launcher.core.DefaultLauncher.withInterceptedStreams(DefaultLauncher.java:211)
	at org.junit.platform.launcher.core.DefaultLauncher.execute(DefaultLauncher.java:191)
	at org.junit.platform.launcher.core.DefaultLauncher.execute(DefaultLauncher.java:128)
	at org.apache.maven.surefire.junitplatform.JUnitPlatformProvider.execute(JUnitPlatformProvider.java:188)
	at org.apache.maven.surefire.junitplatform.JUnitPlatformProvider.invokeAllTests(JUnitPlatformProvider.java:154)
	at org.apache.maven.surefire.junitplatform.JUnitPlatformProvider.invoke(JUnitPlatformProvider.java:128)
	at org.apache.maven.surefire.booter.ForkedBooter.runSuitesInProcess(ForkedBooter.java:428)
	at org.apache.maven.surefire.booter.ForkedBooter.execute(ForkedBooter.java:162)
	at org.apache.maven.surefire.booter.ForkedBooter.run(ForkedBooter.java:562)
	at org.apache.maven.surefire.booter.ForkedBooter.main(ForkedBooter.java:548)
Caused by: java.lang.reflect.InvocationTargetException
	at java.base/jdk.internal.reflect.NativeConstructorAccessorImpl.newInstance0(Native Method)
	at java.base/jdk.internal.reflect.NativeConstructorAccessorImpl.newInstance(NativeConstructorAccessorImpl.java:62)
	at java.base/jdk.internal.reflect.DelegatingConstructorAccessorImpl.newInstance(DelegatingConstructorAccessorImpl.java:45)
	at java.base/java.lang.reflect.Constructor.newInstance(Constructor.java:490)
	at cucumber.runtime.SerenityObjectFactory.newInstance(SerenityObjectFactory.java:70)
	... 56 more
Caused by: java.lang.IllegalArgumentException: Must supply a not empty locator value.
	at io.appium.java_client.MobileBy.<init>(MobileBy.java:47)
	at io.appium.java_client.MobileBy$ByAccessibilityId.<init>(MobileBy.java:240)
	at io.appium.java_client.MobileBy.AccessibilityId(MobileBy.java:83)
	at sample.mobile.automation@1.0-SNAPSHOT/com.example.app.page.StatusPayPage.<init>(StatusPayPage.java:13)
	at sample.mobile.automation@1.0-SNAPSHOT/com.example.steps.StatusPaySteps.<init>(StatusPaySteps.java:14)
	... 61 more
&amp#27;[0m
  &amp#27;[36mWhen &amp#27;[0m&amp#27;[36mclick button bill&amp#27;[0m                           &amp#27;[90m# com.example.steps.StatusPaySteps.clickButtonBill()&amp#27;[0m
  &amp#27;[36mAnd &amp#27;[0m&amp#27;[36mon the Transaksi page&amp#27;[0m                        &amp#27;[90m# com.example.steps.StatusPaySteps.onTheTransaksiPage()&amp#27;[0m
  &amp#27;[36mAnd &amp#27;[0m&amp#27;[36mfiltered status Menunggu Konfirmasi&amp#27;[0m          &amp#27;[90m# com.example.steps.StatusPaySteps.filteredStatusMenungguKonfirmasi()&amp#27;[0m
  &amp#27;[36mThen &amp#27;[0m&amp#27;[36msee status Menunggu Konfirmasi&amp#27;[0m              &amp#27;[90m# com.example.steps.StatusPaySteps.seeStatusMenungguKonfirmasi()&amp#27;[0m
]]></system-out>
    <system-err><![CDATA[[main] INFO io.cucumber.core.plugin.SerenityReporter - Running feature from file:///D:/TIC/Kampus%20Merdeka/Batch%203/Studi%20Independen/Alterra/Capstone/AutoMobile/sample-mobile-automation/src/test/resources/features/math/statusPay.feature
[main] WARN io.cucumber.core.plugin.SerenityReporter - Feature from file:///D:/TIC/Kampus%20Merdeka/Batch%203/Studi%20Independen/Alterra/Capstone/AutoMobile/sample-mobile-automation/src/test/resources/features/math/statusPay.feature is not under the 'features' directory. Requirements report will not be correctly generated!
[main] INFO  - 
 _____ _____ ____ _____   ____ _____  _    ____ _____ _____ ____  
|_   _| ____/ ___|_   _| / ___|_   _|/ \  |  _ \_   _| ____|  _ \ 
  | | |  _| \___ \ | |   \___ \ | | / _ \ | |_) || | |  _| | | | |
  | | | |___ ___) || |    ___) || |/ ___ \|  _ < | | | |___| |_| |
  |_| |_____|____/ |_|   |____/ |_/_/   \_\_| \_\|_| |_____|____/ 

See transaksi status Menunggu Konfirmasi(bill-page;see-transaksi-status-menunggu-konfirmasi)
-------------------------------------------------------------------
Dec 23, 2022 7:38:15 PM io.appium.java_client.remote.AppiumCommandExecutor$1 lambda$0
INFO: Detected dialect: W3C
[main] ERROR  - 
         __  _____ _____ ____ _____   _____ ____  ____   ___  ____  
 _      / / |_   _| ____/ ___|_   _| | ____|  _ \|  _ \ / _ \|  _ \ 
(_)____| |    | | |  _| \___ \ | |   |  _| | |_) | |_) | | | | |_) |
 |_____| |    | | | |___ ___) || |   | |___|  _ <|  _ <| |_| |  _ < 
(_)    | |    |_| |_____|____/ |_|   |_____|_| \_\_| \_\\___/|_| \_\
        \_\                                                         

See transaksi status Menunggu Konfirmasi
---------------------------------------------------------------------
[main] ERROR  -     Test failed at step: Given i haved login
[main] ERROR  -     
]]></system-err>
  </testcase>
  <testcase name="See all Selesai" classname="Bill page" time="28.126">
    <error type="io.cucumber.core.exception.CucumberException"><![CDATA[io.cucumber.core.exception.CucumberException: Failed to instantiate class com.example.steps.StatusPaySteps - this class doesn't have an empty or a page enabled constructor"
Caused by: java.lang.reflect.InvocationTargetException
Caused by: java.lang.IllegalArgumentException: Must supply a not empty locator value.
]]></error>
    <system-out><![CDATA[
@aksesInvoice
Scenario: See all Selesai         &amp#27;[90m# src/test/resources/features/math/statusPay.feature:34&amp#27;[0m
  &amp#27;[31mGiven &amp#27;[0m&amp#27;[31mi haved login&amp#27;[0m             &amp#27;[90m# com.example.steps.StatusPaySteps.iHavedLogin()&amp#27;[0m
      &amp#27;[31mio.cucumber.core.exception.CucumberException: Failed to instantiate class com.example.steps.StatusPaySteps - this class doesn't have an empty or a page enabled constructor"
	at cucumber.runtime.SerenityObjectFactory.newInstance(SerenityObjectFactory.java:73)
	at cucumber.runtime.SerenityObjectFactory.cacheNewInstance(SerenityObjectFactory.java:58)
	at cucumber.runtime.SerenityObjectFactory.getInstance(SerenityObjectFactory.java:48)
	at io.cucumber.java.AbstractGlueDefinition.invokeMethod(AbstractGlueDefinition.java:47)
	at io.cucumber.java.JavaStepDefinition.execute(JavaStepDefinition.java:29)
	at io.cucumber.core.runner.CoreStepDefinition.execute(CoreStepDefinition.java:66)
	at io.cucumber.core.runner.PickleStepDefinitionMatch.runStep(PickleStepDefinitionMatch.java:63)
	at io.cucumber.core.runner.TestStep.executeStep(TestStep.java:92)
	at io.cucumber.core.runner.TestStep.run(TestStep.java:63)
	at io.cucumber.core.runner.PickleStepTestStep.run(PickleStepTestStep.java:49)
	at io.cucumber.core.runner.TestCase.run(TestCase.java:99)
	at io.cucumber.core.runner.Runner.runPickle(Runner.java:71)
	at io.cucumber.junit.PickleRunners$NoStepDescriptions.run(PickleRunners.java:151)
	at io.cucumber.junit.FeatureRunner.runChild(FeatureRunner.java:135)
	at io.cucumber.junit.FeatureRunner.runChild(FeatureRunner.java:27)
	at org.junit.runners.ParentRunner$3.run(ParentRunner.java:290)
	at org.junit.runners.ParentRunner$1.schedule(ParentRunner.java:71)
	at org.junit.runners.ParentRunner.runChildren(ParentRunner.java:288)
	at org.junit.runners.ParentRunner.access$000(ParentRunner.java:58)
	at org.junit.runners.ParentRunner$2.evaluate(ParentRunner.java:268)
	at org.junit.runners.ParentRunner.run(ParentRunner.java:363)
	at io.cucumber.junit.CucumberSerenityRunner.runChild(CucumberSerenityRunner.java:234)
	at io.cucumber.junit.CucumberSerenityRunner.runChild(CucumberSerenityRunner.java:57)
	at org.junit.runners.ParentRunner$3.run(ParentRunner.java:290)
	at org.junit.runners.ParentRunner$1.schedule(ParentRunner.java:71)
	at org.junit.runners.ParentRunner.runChildren(ParentRunner.java:288)
	at org.junit.runners.ParentRunner.access$000(ParentRunner.java:58)
	at org.junit.runners.ParentRunner$2.evaluate(ParentRunner.java:268)
	at io.cucumber.junit.CucumberSerenityRunner$RunCucumber.evaluate(CucumberSerenityRunner.java:262)
	at org.junit.runners.ParentRunner.run(ParentRunner.java:363)
	at org.junit.runner.JUnitCore.run(JUnitCore.java:137)
	at org.junit.runner.JUnitCore.run(JUnitCore.java:115)
	at org.junit.vintage.engine.execution.RunnerExecutor.execute(RunnerExecutor.java:40)
	at java.base/java.util.stream.ForEachOps$ForEachOp$OfRef.accept(ForEachOps.java:183)
	at java.base/java.util.stream.ReferencePipeline$3$1.accept(ReferencePipeline.java:195)
	at java.base/java.util.Iterator.forEachRemaining(Iterator.java:133)
	at java.base/java.util.Spliterators$IteratorSpliterator.forEachRemaining(Spliterators.java:1801)
	at java.base/java.util.stream.AbstractPipeline.copyInto(AbstractPipeline.java:484)
	at java.base/java.util.stream.AbstractPipeline.wrapAndCopyInto(AbstractPipeline.java:474)
	at java.base/java.util.stream.ForEachOps$ForEachOp.evaluateSequential(ForEachOps.java:150)
	at java.base/java.util.stream.ForEachOps$ForEachOp$OfRef.evaluateSequential(ForEachOps.java:173)
	at java.base/java.util.stream.AbstractPipeline.evaluate(AbstractPipeline.java:234)
	at java.base/java.util.stream.ReferencePipeline.forEach(ReferencePipeline.java:497)
	at org.junit.vintage.engine.VintageTestEngine.executeAllChildren(VintageTestEngine.java:80)
	at org.junit.vintage.engine.VintageTestEngine.execute(VintageTestEngine.java:71)
	at org.junit.platform.launcher.core.DefaultLauncher.execute(DefaultLauncher.java:229)
	at org.junit.platform.launcher.core.DefaultLauncher.lambda$execute$6(DefaultLauncher.java:197)
	at org.junit.platform.launcher.core.DefaultLauncher.withInterceptedStreams(DefaultLauncher.java:211)
	at org.junit.platform.launcher.core.DefaultLauncher.execute(DefaultLauncher.java:191)
	at org.junit.platform.launcher.core.DefaultLauncher.execute(DefaultLauncher.java:128)
	at org.apache.maven.surefire.junitplatform.JUnitPlatformProvider.execute(JUnitPlatformProvider.java:188)
	at org.apache.maven.surefire.junitplatform.JUnitPlatformProvider.invokeAllTests(JUnitPlatformProvider.java:154)
	at org.apache.maven.surefire.junitplatform.JUnitPlatformProvider.invoke(JUnitPlatformProvider.java:128)
	at org.apache.maven.surefire.booter.ForkedBooter.runSuitesInProcess(ForkedBooter.java:428)
	at org.apache.maven.surefire.booter.ForkedBooter.execute(ForkedBooter.java:162)
	at org.apache.maven.surefire.booter.ForkedBooter.run(ForkedBooter.java:562)
	at org.apache.maven.surefire.booter.ForkedBooter.main(ForkedBooter.java:548)
Caused by: java.lang.reflect.InvocationTargetException
	at jdk.internal.reflect.GeneratedConstructorAccessor19.newInstance(Unknown Source)
	at java.base/jdk.internal.reflect.DelegatingConstructorAccessorImpl.newInstance(DelegatingConstructorAccessorImpl.java:45)
	at java.base/java.lang.reflect.Constructor.newInstance(Constructor.java:490)
	at cucumber.runtime.SerenityObjectFactory.newInstance(SerenityObjectFactory.java:70)
	... 56 more
Caused by: java.lang.IllegalArgumentException: Must supply a not empty locator value.
	at io.appium.java_client.MobileBy.<init>(MobileBy.java:47)
	at io.appium.java_client.MobileBy$ByAccessibilityId.<init>(MobileBy.java:240)
	at io.appium.java_client.MobileBy.AccessibilityId(MobileBy.java:83)
	at sample.mobile.automation@1.0-SNAPSHOT/com.example.app.page.StatusPayPage.<init>(StatusPayPage.java:13)
	at sample.mobile.automation@1.0-SNAPSHOT/com.example.steps.StatusPaySteps.<init>(StatusPaySteps.java:14)
	... 60 more
&amp#27;[0m
  &amp#27;[36mWhen &amp#27;[0m&amp#27;[36mclick button bill&amp#27;[0m          &amp#27;[90m# com.example.steps.StatusPaySteps.clickButtonBill()&amp#27;[0m
  &amp#27;[36mAnd &amp#27;[0m&amp#27;[36mon the Selesai page&amp#27;[0m         &amp#27;[90m# com.example.steps.StatusPaySteps.onTheSelesaiPage()&amp#27;[0m
  &amp#27;[36mThen &amp#27;[0m&amp#27;[36msee all transaksi Berhasil&amp#27;[0m &amp#27;[90m# com.example.steps.StatusPaySteps.seeAllTransaksiBerhasil()&amp#27;[0m
]]></system-out>
    <system-err><![CDATA[[main] INFO io.cucumber.core.plugin.SerenityReporter - Running feature from file:///D:/TIC/Kampus%20Merdeka/Batch%203/Studi%20Independen/Alterra/Capstone/AutoMobile/sample-mobile-automation/src/test/resources/features/math/statusPay.feature
[main] WARN io.cucumber.core.plugin.SerenityReporter - Feature from file:///D:/TIC/Kampus%20Merdeka/Batch%203/Studi%20Independen/Alterra/Capstone/AutoMobile/sample-mobile-automation/src/test/resources/features/math/statusPay.feature is not under the 'features' directory. Requirements report will not be correctly generated!
[main] INFO  - 
 _____ _____ ____ _____   ____ _____  _    ____ _____ _____ ____  
|_   _| ____/ ___|_   _| / ___|_   _|/ \  |  _ \_   _| ____|  _ \ 
  | | |  _| \___ \ | |   \___ \ | | / _ \ | |_) || | |  _| | | | |
  | | | |___ ___) || |    ___) || |/ ___ \|  _ < | | | |___| |_| |
  |_| |_____|____/ |_|   |____/ |_/_/   \_\_| \_\|_| |_____|____/ 

See all Selesai(bill-page;see-all-selesai)
-------------------------------------------------------------------
Dec 23, 2022 7:38:43 PM io.appium.java_client.remote.AppiumCommandExecutor$1 lambda$0
INFO: Detected dialect: W3C
[main] ERROR  - 
         __  _____ _____ ____ _____   _____ ____  ____   ___  ____  
 _      / / |_   _| ____/ ___|_   _| | ____|  _ \|  _ \ / _ \|  _ \ 
(_)____| |    | | |  _| \___ \ | |   |  _| | |_) | |_) | | | | |_) |
 |_____| |    | | | |___ ___) || |   | |___|  _ <|  _ <| |_| |  _ < 
(_)    | |    |_| |_____|____/ |_|   |_____|_| \_\_| \_\\___/|_| \_\
        \_\                                                         

See all Selesai
---------------------------------------------------------------------
[main] ERROR  -     Test failed at step: Given i haved login
[main] ERROR  -     
]]></system-err>
  </testcase>
</testsuite>