<?xml version="1.0" encoding="UTF-8"?><testsuite errors="15" failures="0" name="Authentication" skipped="0" tests="19" time="250.77" timestamp="2022-12-16 12:07:57"><testcase name="Authentication Register"><error message="An unknown server-side error occurred while processing the command. Original error: Could not proxy command to the remote server. Original error: socket hang up&#10;Build info: version: '3.141.59', revision: 'e82be7d358', time: '2018-11-14T08:17:03'&#10;System info: host: 'MYLNAP', ip: '10.10.19.66', os.name: 'Windows 11', os.arch: 'amd64', os.version: '10.0', java.version: '11.0.16'&#10;Driver info: io.appium.java_client.android.AndroidDriver&#10;Capabilities {app: D:\TIC\Kampus Merdeka\MSIB\..., appPackage: com.example.geinterra_apps, automationName: UIAutomator2, databaseEnabled: false, desired: {app: D:\TIC\Kampus Merdeka\MSIB\..., automationName: UIAutomator2, platformName: android, platformVersion: 12}, deviceApiLevel: 31, deviceManufacturer: vivo, deviceModel: V2027, deviceName: 5c4a3aa1, deviceScreenDensity: 320, deviceScreenSize: 720x1600, deviceUDID: 5c4a3aa1, javascriptEnabled: true, locationContextEnabled: false, networkConnectionEnabled: true, pixelRatio: 2, platform: LINUX, platformName: Android, platformVersion: 12, statBarHeight: 56, takesScreenshot: true, viewportRect: {height: 1414, left: 0, top: 56, width: 720}, warnings: {}, webStorageEnabled: false}&#10;Session ID: 2a0d986e-7867-47ab-ba0a-242dcb20c313&#10;*** Element info: {Using=accessibility id, value=Lanjut}&#10;Build info: version: '3.141.59', revision: 'e82be7d358', time: '2018-11-14T08:17:03'&#10;System info: host: 'MYLNAP', ip: '10.10.19.66', os.name: 'Windows 11', os.arch: 'amd64', os.version: '10.0', java.version: '11.0.16'&#10;Driver info: driver.version: AndroidDriver" type="org.openqa.selenium.WebDriverException">An unknown server-side error occurred while processing the command. Original error: Could not proxy command to the remote server. Original error: socket hang up
Build info: version: '3.141.59', revision: 'e82be7d358', time: '2018-11-14T08:17:03'
System info: host: 'MYLNAP', ip: '10.10.19.66', os.name: 'Windows 11', os.arch: 'amd64', os.version: '10.0', java.version: '11.0.16'
Driver info: io.appium.java_client.android.AndroidDriver
Capabilities {app: D:\TIC\Kampus Merdeka\MSIB\..., appPackage: com.example.geinterra_apps, automationName: UIAutomator2, databaseEnabled: false, desired: {app: D:\TIC\Kampus Merdeka\MSIB\..., automationName: UIAutomator2, platformName: android, platformVersion: 12}, deviceApiLevel: 31, deviceManufacturer: vivo, deviceModel: V2027, deviceName: 5c4a3aa1, deviceScreenDensity: 320, deviceScreenSize: 720x1600, deviceUDID: 5c4a3aa1, javascriptEnabled: true, locationContextEnabled: false, networkConnectionEnabled: true, pixelRatio: 2, platform: LINUX, platformName: Android, platformVersion: 12, statBarHeight: 56, takesScreenshot: true, viewportRect: {height: 1414, left: 0, top: 56, width: 720}, warnings: {}, webStorageEnabled: false}
Session ID: 2a0d986e-7867-47ab-ba0a-242dcb20c313
*** Element info: {Using=accessibility id, value=Lanjut}
Build info: version: '3.141.59', revision: 'e82be7d358', time: '2018-11-14T08:17:03'
System info: host: 'MYLNAP', ip: '10.10.19.66', os.name: 'Windows 11', os.arch: 'amd64', os.version: '10.0', java.version: '11.0.16'
Driver info: driver.version: AndroidDriver</error><system-err>An unknown server-side error occurred while processing the command. Original error: Could not proxy command to the remote server. Original error: socket hang up
Build info: version: '3.141.59', revision: 'e82be7d358', time: '2018-11-14T08:17:03'
System info: host: 'MYLNAP', ip: '10.10.19.66', os.name: 'Windows 11', os.arch: 'amd64', os.version: '10.0', java.version: '11.0.16'
Driver info: io.appium.java_client.android.AndroidDriver
Capabilities {app: D:\TIC\Kampus Merdeka\MSIB\..., appPackage: com.example.geinterra_apps, automationName: UIAutomator2, databaseEnabled: false, desired: {app: D:\TIC\Kampus Merdeka\MSIB\..., automationName: UIAutomator2, platformName: android, platformVersion: 12}, deviceApiLevel: 31, deviceManufacturer: vivo, deviceModel: V2027, deviceName: 5c4a3aa1, deviceScreenDensity: 320, deviceScreenSize: 720x1600, deviceUDID: 5c4a3aa1, javascriptEnabled: true, locationContextEnabled: false, networkConnectionEnabled: true, pixelRatio: 2, platform: LINUX, platformName: Android, platformVersion: 12, statBarHeight: 56, takesScreenshot: true, viewportRect: {height: 1414, left: 0, top: 56, width: 720}, warnings: {}, webStorageEnabled: false}
Session ID: 2a0d986e-7867-47ab-ba0a-242dcb20c313
*** Element info: {Using=accessibility id, value=Lanjut}
Build info: version: '3.141.59', revision: 'e82be7d358', time: '2018-11-14T08:17:03'
System info: host: 'MYLNAP', ip: '10.10.19.66', os.name: 'Windows 11', os.arch: 'amd64', os.version: '10.0', java.version: '11.0.16'
Driver info: driver.version: AndroidDriver&#13;
io.appium.java_client.remote.AppiumCommandExecutor.execute(AppiumCommandExecutor.java:250)&#13;
io.appium.java_client.DefaultGenericMobileDriver.execute(DefaultGenericMobileDriver.java:41)&#13;
io.appium.java_client.AppiumDriver.execute(AppiumDriver.java:1)&#13;
io.appium.java_client.android.AndroidDriver.execute(AndroidDriver.java:1)&#13;
io.appium.java_client.DefaultGenericMobileDriver.findElement(DefaultGenericMobileDriver.java:61)&#13;
io.appium.java_client.AppiumDriver.findElement(AppiumDriver.java:1)&#13;
io.appium.java_client.android.AndroidDriver.findElement(AndroidDriver.java:1)&#13;
io.appium.java_client.FindsByAccessibilityId.findElementByAccessibilityId(FindsByAccessibilityId.java:37)&#13;
io.appium.java_client.DefaultGenericMobileDriver.findElement(DefaultGenericMobileDriver.java:57)&#13;
io.appium.java_client.AppiumDriver.findElement(AppiumDriver.java:1)&#13;
io.appium.java_client.android.AndroidDriver.findElement(AndroidDriver.java:1)&#13;
sample.mobile.automation@1.0-SNAPSHOT/com.example.app.base.BasePageObject.find(BasePageObject.java:31)&#13;
sample.mobile.automation@1.0-SNAPSHOT/com.example.app.base.BasePageObject.click(BasePageObject.java:35)&#13;
sample.mobile.automation@1.0-SNAPSHOT/com.example.app.page.AuthRegisterPage.seeNext(AuthRegisterPage.java:28)&#13;
sample.mobile.automation@1.0-SNAPSHOT/com.example.steps.AuthSteps.iOpenApp(AuthSteps.java:17)&#13;
✽.i open app(file:///D:/TIC/Kampus%20Merdeka/MSIB/Studi%20Independen/Alterra/Capstone/AutoMobile/sample-mobile-automation/src/test/resources/features/math/atuhentication.feature:8)&#13;
</system-err></testcase><testcase name="Authentication Login"><error message="Connection refused: connect" type="java.net.ConnectException">Connection refused: connect</error><system-err>Connection refused: connect&#13;
okhttp3.internal.platform.Platform.connectSocket(Platform.java:129)&#13;
okhttp3.internal.connection.RealConnection.connectSocket(RealConnection.java:245)&#13;
okhttp3.internal.connection.RealConnection.connect(RealConnection.java:165)&#13;
okhttp3.internal.connection.StreamAllocation.findConnection(StreamAllocation.java:257)&#13;
okhttp3.internal.connection.StreamAllocation.findHealthyConnection(StreamAllocation.java:135)&#13;
okhttp3.internal.connection.StreamAllocation.newStream(StreamAllocation.java:114)&#13;
okhttp3.internal.connection.ConnectInterceptor.intercept(ConnectInterceptor.java:42)&#13;
okhttp3.internal.http.RealInterceptorChain.proceed(RealInterceptorChain.java:147)&#13;
okhttp3.internal.http.RealInterceptorChain.proceed(RealInterceptorChain.java:121)&#13;
okhttp3.internal.cache.CacheInterceptor.intercept(CacheInterceptor.java:93)&#13;
okhttp3.internal.http.RealInterceptorChain.proceed(RealInterceptorChain.java:147)&#13;
okhttp3.internal.http.RealInterceptorChain.proceed(RealInterceptorChain.java:121)&#13;
okhttp3.internal.http.BridgeInterceptor.intercept(BridgeInterceptor.java:93)&#13;
okhttp3.internal.http.RealInterceptorChain.proceed(RealInterceptorChain.java:147)&#13;
okhttp3.internal.http.RetryAndFollowUpInterceptor.intercept(RetryAndFollowUpInterceptor.java:126)&#13;
okhttp3.internal.http.RealInterceptorChain.proceed(RealInterceptorChain.java:147)&#13;
okhttp3.internal.http.RealInterceptorChain.proceed(RealInterceptorChain.java:121)&#13;
okhttp3.RealCall.getResponseWithInterceptorChain(RealCall.java:200)&#13;
okhttp3.RealCall.execute(RealCall.java:77)&#13;
io.appium.java_client.remote.AppiumCommandExecutor.lambda$1(AppiumCommandExecutor.java:162)&#13;
io.appium.java_client.remote.AppiumCommandExecutor.createSession(AppiumCommandExecutor.java:225)&#13;
io.appium.java_client.remote.AppiumCommandExecutor.execute(AppiumCommandExecutor.java:250)&#13;
io.appium.java_client.DefaultGenericMobileDriver.execute(DefaultGenericMobileDriver.java:41)&#13;
io.appium.java_client.AppiumDriver.execute(AppiumDriver.java:1)&#13;
io.appium.java_client.android.AndroidDriver.execute(AndroidDriver.java:1)&#13;
io.appium.java_client.AppiumDriver.startSession(AppiumDriver.java:363)&#13;
io.appium.java_client.DefaultGenericMobileDriver.&lt;init&gt;(DefaultGenericMobileDriver.java:37)&#13;
io.appium.java_client.AppiumDriver.&lt;init&gt;(AppiumDriver.java:89)&#13;
io.appium.java_client.AppiumDriver.&lt;init&gt;(AppiumDriver.java:99)&#13;
io.appium.java_client.android.AndroidDriver.&lt;init&gt;(AndroidDriver.java:97)&#13;
sample.mobile.automation@1.0-SNAPSHOT/com.example.app.drivers.AndroidDriverInit.initialization(AndroidDriverInit.java:22)&#13;
sample.mobile.automation@1.0-SNAPSHOT/com.example.hook.AndroidDriverHook.before(AndroidDriverHook.java:10)&#13;
io.cucumber.java.Invoker.doInvoke(Invoker.java:66)&#13;
io.cucumber.java.Invoker.invoke(Invoker.java:24)&#13;
io.cucumber.java.AbstractGlueDefinition.invokeMethod(AbstractGlueDefinition.java:47)&#13;
io.cucumber.java.JavaHookDefinition.execute(JavaHookDefinition.java:59)&#13;
io.cucumber.core.runner.CoreHookDefinition.execute(CoreHookDefinition.java:46)&#13;
io.cucumber.core.runner.HookDefinitionMatch.runStep(HookDefinitionMatch.java:21)&#13;
io.cucumber.core.runner.TestStep.executeStep(TestStep.java:92)&#13;
io.cucumber.core.runner.TestStep.run(TestStep.java:63)&#13;
io.cucumber.core.runner.TestCase.run(TestCase.java:95)&#13;
io.cucumber.core.runner.Runner.runPickle(Runner.java:71)&#13;
io.cucumber.junit.FeatureRunner.runChild(FeatureRunner.java:135)&#13;
io.cucumber.junit.FeatureRunner.runChild(FeatureRunner.java:27)&#13;
io.cucumber.junit.CucumberSerenityRunner.runChild(CucumberSerenityRunner.java:234)&#13;
io.cucumber.junit.CucumberSerenityRunner.runChild(CucumberSerenityRunner.java:57)&#13;
</system-err></testcase></testsuite>